[ 2012-12-06T00:03:34+08:00 ] /ddsfilm/index.php/admin/Company/about | INFO: Tag[ route_check ] --START--
[ 2012-12-06T00:03:34+08:00 ] /ddsfilm/index.php/admin/Company/about | INFO: Run CheckRoute Behavior [ RunTime:0.003397s ]
[ 2012-12-06T00:03:34+08:00 ] /ddsfilm/index.php/admin/Company/about | INFO: Tag[ route_check ] --END-- [ RunTime:0.003691s ]
[ 2012-12-06T00:03:34+08:00 ] /ddsfilm/index.php/admin/Company/about | INFO: Tag[ app_begin ] --START--
[ 2012-12-06T00:03:34+08:00 ] /ddsfilm/index.php/admin/Company/about | INFO: Run ReadHtmlCache Behavior [ RunTime:0.003031s ]
[ 2012-12-06T00:03:34+08:00 ] /ddsfilm/index.php/admin/Company/about | INFO: Run CheckLang Behavior [ RunTime:0.005460s ]
[ 2012-12-06T00:03:34+08:00 ] /ddsfilm/index.php/admin/Company/about | INFO: Tag[ app_begin ] --END-- [ RunTime:0.008950s ]
[ 2012-12-06T00:03:34+08:00 ] /ddsfilm/index.php/admin/Company/about | INFO: Tag[ view_template ] --START--
[ 2012-12-06T00:03:34+08:00 ] /ddsfilm/index.php/admin/Company/about | INFO: Run LocationTemplate Behavior [ RunTime:0.003577s ]
[ 2012-12-06T00:03:34+08:00 ] /ddsfilm/index.php/admin/Company/about | INFO: Tag[ view_template ] --END-- [ RunTime:0.003854s ]
[ 2012-12-06T00:03:34+08:00 ] /ddsfilm/index.php/admin/Company/about | INFO: Tag[ view_parse ] --START--
[ 2012-12-06T00:03:34+08:00 ] /ddsfilm/index.php/admin/Company/about | NOTIC: [8] Undefined variable: content ac7b12d9ccdf8052cc4adbdecc24e755.php 第 24 行.
[ 2012-12-06T00:03:34+08:00 ] /ddsfilm/index.php/admin/Company/about | NOTIC: [8] Undefined variable: id ac7b12d9ccdf8052cc4adbdecc24e755.php 第 26 行.
[ 2012-12-06T00:03:34+08:00 ] /ddsfilm/index.php/admin/Company/about | NOTIC: [8] Undefined variable: action ac7b12d9ccdf8052cc4adbdecc24e755.php 第 27 行.
[ 2012-12-06T00:03:34+08:00 ] /ddsfilm/index.php/admin/Company/about | INFO: Run ParseTemplate Behavior [ RunTime:0.027046s ]
[ 2012-12-06T00:03:34+08:00 ] /ddsfilm/index.php/admin/Company/about | INFO: Tag[ view_parse ] --END-- [ RunTime:0.027277s ]
[ 2012-12-06T00:03:34+08:00 ] /ddsfilm/index.php/admin/Company/about | INFO: Tag[ view_filter ] --START--
[ 2012-12-06T00:03:34+08:00 ] /ddsfilm/index.php/admin/Company/about | INFO: Run ContentReplace Behavior [ RunTime:0.002458s ]
[ 2012-12-06T00:03:34+08:00 ] /ddsfilm/index.php/admin/Company/about | INFO: Run TokenBuild Behavior [ RunTime:0.002200s ]
[ 2012-12-06T00:03:34+08:00 ] /ddsfilm/index.php/admin/Company/about | INFO: Run WriteHtmlCache Behavior [ RunTime:0.001647s ]
[ 2012-12-06T00:03:34+08:00 ] /ddsfilm/index.php/admin/Company/about | INFO: Run ShowRuntime Behavior [ RunTime:0.002264s ]
[ 2012-12-06T00:03:34+08:00 ] /ddsfilm/index.php/admin/Company/about | INFO: Tag[ view_filter ] --END-- [ RunTime:0.009194s ]
[ 2012-12-06T00:03:34+08:00 ] /ddsfilm/index.php/admin/Company/about | INFO: Tag[ view_end ] --START--
[ 2012-12-06T00:03:34+08:00 ] /ddsfilm/index.php/admin/Company/about | INFO: Run ShowPageTrace Behavior [ RunTime:0.002092s ]
[ 2012-12-06T00:03:34+08:00 ] /ddsfilm/index.php/admin/Company/about | INFO: Tag[ view_end ] --END-- [ RunTime:0.002319s ]
[ 2012-12-06T00:03:39+08:00 ] /ddsfilm/index.php/admin/Company | INFO: Tag[ route_check ] --START--
[ 2012-12-06T00:03:39+08:00 ] /ddsfilm/index.php/admin/Company | INFO: Run CheckRoute Behavior [ RunTime:0.003574s ]
[ 2012-12-06T00:03:39+08:00 ] /ddsfilm/index.php/admin/Company | INFO: Tag[ route_check ] --END-- [ RunTime:0.003875s ]
[ 2012-12-06T00:03:39+08:00 ] /ddsfilm/index.php/admin/Company | INFO: Tag[ app_begin ] --START--
[ 2012-12-06T00:03:39+08:00 ] /ddsfilm/index.php/admin/Company | INFO: Run ReadHtmlCache Behavior [ RunTime:0.003669s ]
[ 2012-12-06T00:03:39+08:00 ] /ddsfilm/index.php/admin/Company | INFO: Run CheckLang Behavior [ RunTime:0.004795s ]
[ 2012-12-06T00:03:39+08:00 ] /ddsfilm/index.php/admin/Company | INFO: Tag[ app_begin ] --END-- [ RunTime:0.008920s ]
[ 2012-12-06T00:03:42+08:00 ] /ddsfilm/index.php/admin/Company/about | INFO: Tag[ route_check ] --START--
[ 2012-12-06T00:03:42+08:00 ] /ddsfilm/index.php/admin/Company/about | INFO: Run CheckRoute Behavior [ RunTime:0.003938s ]
[ 2012-12-06T00:03:42+08:00 ] /ddsfilm/index.php/admin/Company/about | INFO: Tag[ route_check ] --END-- [ RunTime:0.004278s ]
[ 2012-12-06T00:03:42+08:00 ] /ddsfilm/index.php/admin/Company/about | INFO: Tag[ app_begin ] --START--
[ 2012-12-06T00:03:42+08:00 ] /ddsfilm/index.php/admin/Company/about | INFO: Run ReadHtmlCache Behavior [ RunTime:0.002915s ]
[ 2012-12-06T00:03:42+08:00 ] /ddsfilm/index.php/admin/Company/about | INFO: Run CheckLang Behavior [ RunTime:0.006278s ]
[ 2012-12-06T00:03:42+08:00 ] /ddsfilm/index.php/admin/Company/about | INFO: Tag[ app_begin ] --END-- [ RunTime:0.009703s ]
[ 2012-12-06T00:03:42+08:00 ] /ddsfilm/index.php/admin/Company/about | INFO: Tag[ view_template ] --START--
[ 2012-12-06T00:03:42+08:00 ] /ddsfilm/index.php/admin/Company/about | INFO: Run LocationTemplate Behavior [ RunTime:0.004214s ]
[ 2012-12-06T00:03:42+08:00 ] /ddsfilm/index.php/admin/Company/about | INFO: Tag[ view_template ] --END-- [ RunTime:0.004553s ]
[ 2012-12-06T00:03:42+08:00 ] /ddsfilm/index.php/admin/Company/about | INFO: Tag[ view_parse ] --START--
[ 2012-12-06T00:03:42+08:00 ] /ddsfilm/index.php/admin/Company/about | NOTIC: [8] Undefined variable: content ac7b12d9ccdf8052cc4adbdecc24e755.php 第 24 行.
[ 2012-12-06T00:03:42+08:00 ] /ddsfilm/index.php/admin/Company/about | NOTIC: [8] Undefined variable: id ac7b12d9ccdf8052cc4adbdecc24e755.php 第 26 行.
[ 2012-12-06T00:03:42+08:00 ] /ddsfilm/index.php/admin/Company/about | NOTIC: [8] Undefined variable: action ac7b12d9ccdf8052cc4adbdecc24e755.php 第 27 行.
[ 2012-12-06T00:03:42+08:00 ] /ddsfilm/index.php/admin/Company/about | INFO: Run ParseTemplate Behavior [ RunTime:0.077026s ]
[ 2012-12-06T00:03:42+08:00 ] /ddsfilm/index.php/admin/Company/about | INFO: Tag[ view_parse ] --END-- [ RunTime:0.077318s ]
[ 2012-12-06T00:03:42+08:00 ] /ddsfilm/index.php/admin/Company/about | INFO: Tag[ view_filter ] --START--
[ 2012-12-06T00:03:42+08:00 ] /ddsfilm/index.php/admin/Company/about | INFO: Run ContentReplace Behavior [ RunTime:0.002622s ]
[ 2012-12-06T00:03:42+08:00 ] /ddsfilm/index.php/admin/Company/about | INFO: Run TokenBuild Behavior [ RunTime:0.003679s ]
[ 2012-12-06T00:03:42+08:00 ] /ddsfilm/index.php/admin/Company/about | INFO: Run WriteHtmlCache Behavior [ RunTime:0.001846s ]
[ 2012-12-06T00:03:42+08:00 ] /ddsfilm/index.php/admin/Company/about | INFO: Run ShowRuntime Behavior [ RunTime:0.002369s ]
[ 2012-12-06T00:03:42+08:00 ] /ddsfilm/index.php/admin/Company/about | INFO: Tag[ view_filter ] --END-- [ RunTime:0.011277s ]
[ 2012-12-06T00:03:42+08:00 ] /ddsfilm/index.php/admin/Company/about | INFO: Tag[ view_end ] --START--
[ 2012-12-06T00:03:42+08:00 ] /ddsfilm/index.php/admin/Company/about | INFO: Run ShowPageTrace Behavior [ RunTime:0.002146s ]
[ 2012-12-06T00:03:42+08:00 ] /ddsfilm/index.php/admin/Company/about | INFO: Tag[ view_end ] --END-- [ RunTime:0.002377s ]
[ 2012-12-06T00:05:38+08:00 ] /ddsfilm/index.php/admin/Company/about | INFO: Tag[ route_check ] --START--
[ 2012-12-06T00:05:38+08:00 ] /ddsfilm/index.php/admin/Company/about | INFO: Run CheckRoute Behavior [ RunTime:0.003943s ]
[ 2012-12-06T00:05:38+08:00 ] /ddsfilm/index.php/admin/Company/about | INFO: Tag[ route_check ] --END-- [ RunTime:0.004296s ]
[ 2012-12-06T00:05:38+08:00 ] /ddsfilm/index.php/admin/Company/about | INFO: Tag[ app_begin ] --START--
[ 2012-12-06T00:05:38+08:00 ] /ddsfilm/index.php/admin/Company/about | INFO: Run ReadHtmlCache Behavior [ RunTime:0.002609s ]
[ 2012-12-06T00:05:38+08:00 ] /ddsfilm/index.php/admin/Company/about | INFO: Run CheckLang Behavior [ RunTime:0.006632s ]
[ 2012-12-06T00:05:38+08:00 ] /ddsfilm/index.php/admin/Company/about | INFO: Tag[ app_begin ] --END-- [ RunTime:0.009740s ]
[ 2012-12-06T00:05:38+08:00 ] /ddsfilm/index.php/admin/Company/about | INFO: Tag[ view_template ] --START--
[ 2012-12-06T00:05:38+08:00 ] /ddsfilm/index.php/admin/Company/about | INFO: Run LocationTemplate Behavior [ RunTime:0.003849s ]
[ 2012-12-06T00:05:38+08:00 ] /ddsfilm/index.php/admin/Company/about | INFO: Tag[ view_template ] --END-- [ RunTime:0.004180s ]
[ 2012-12-06T00:05:38+08:00 ] /ddsfilm/index.php/admin/Company/about | INFO: Tag[ view_parse ] --START--
[ 2012-12-06T00:05:38+08:00 ] /ddsfilm/index.php/admin/Company/about | NOTIC: [8] Undefined variable: content ac7b12d9ccdf8052cc4adbdecc24e755.php 第 24 行.
[ 2012-12-06T00:05:38+08:00 ] /ddsfilm/index.php/admin/Company/about | NOTIC: [8] Undefined variable: id ac7b12d9ccdf8052cc4adbdecc24e755.php 第 26 行.
[ 2012-12-06T00:05:38+08:00 ] /ddsfilm/index.php/admin/Company/about | INFO: Run ParseTemplate Behavior [ RunTime:0.036796s ]
[ 2012-12-06T00:05:38+08:00 ] /ddsfilm/index.php/admin/Company/about | INFO: Tag[ view_parse ] --END-- [ RunTime:0.037087s ]
[ 2012-12-06T00:05:38+08:00 ] /ddsfilm/index.php/admin/Company/about | INFO: Tag[ view_filter ] --START--
[ 2012-12-06T00:05:39+08:00 ] /ddsfilm/index.php/admin/Company/about | INFO: Run ContentReplace Behavior [ RunTime:0.023082s ]
[ 2012-12-06T00:05:39+08:00 ] /ddsfilm/index.php/admin/Company/about | INFO: Run TokenBuild Behavior [ RunTime:0.003482s ]
[ 2012-12-06T00:05:39+08:00 ] /ddsfilm/index.php/admin/Company/about | INFO: Run WriteHtmlCache Behavior [ RunTime:0.003505s ]
[ 2012-12-06T00:05:39+08:00 ] /ddsfilm/index.php/admin/Company/about | INFO: Run ShowRuntime Behavior [ RunTime:0.003145s ]
[ 2012-12-06T00:05:39+08:00 ] /ddsfilm/index.php/admin/Company/about | INFO: Tag[ view_filter ] --END-- [ RunTime:0.034161s ]
[ 2012-12-06T00:05:39+08:00 ] /ddsfilm/index.php/admin/Company/about | INFO: Tag[ view_end ] --START--
[ 2012-12-06T00:05:39+08:00 ] /ddsfilm/index.php/admin/Company/about | INFO: Run ShowPageTrace Behavior [ RunTime:0.002746s ]
[ 2012-12-06T00:05:39+08:00 ] /ddsfilm/index.php/admin/Company/about | INFO: Tag[ view_end ] --END-- [ RunTime:0.003236s ]
[ 2012-12-06T00:05:43+08:00 ] /ddsfilm/index.php/admin/Company | INFO: Tag[ route_check ] --START--
[ 2012-12-06T00:05:43+08:00 ] /ddsfilm/index.php/admin/Company | INFO: Run CheckRoute Behavior [ RunTime:0.003434s ]
[ 2012-12-06T00:05:43+08:00 ] /ddsfilm/index.php/admin/Company | INFO: Tag[ route_check ] --END-- [ RunTime:0.003777s ]
[ 2012-12-06T00:05:43+08:00 ] /ddsfilm/index.php/admin/Company | INFO: Tag[ app_begin ] --START--
[ 2012-12-06T00:05:43+08:00 ] /ddsfilm/index.php/admin/Company | INFO: Run ReadHtmlCache Behavior [ RunTime:0.002854s ]
[ 2012-12-06T00:05:43+08:00 ] /ddsfilm/index.php/admin/Company | INFO: Run CheckLang Behavior [ RunTime:0.005701s ]
[ 2012-12-06T00:05:43+08:00 ] /ddsfilm/index.php/admin/Company | INFO: Tag[ app_begin ] --END-- [ RunTime:0.009051s ]
[ 2012-12-06T00:07:58+08:00 ] /ddsfilm/index.php/admin/Company/about | INFO: Tag[ route_check ] --START--
[ 2012-12-06T00:07:58+08:00 ] /ddsfilm/index.php/admin/Company/about | INFO: Run CheckRoute Behavior [ RunTime:0.004153s ]
[ 2012-12-06T00:07:58+08:00 ] /ddsfilm/index.php/admin/Company/about | INFO: Tag[ route_check ] --END-- [ RunTime:0.004550s ]
[ 2012-12-06T00:07:58+08:00 ] /ddsfilm/index.php/admin/Company/about | INFO: Tag[ app_begin ] --START--
[ 2012-12-06T00:07:58+08:00 ] /ddsfilm/index.php/admin/Company/about | INFO: Run ReadHtmlCache Behavior [ RunTime:0.004620s ]
[ 2012-12-06T00:07:58+08:00 ] /ddsfilm/index.php/admin/Company/about | INFO: Run CheckLang Behavior [ RunTime:0.005168s ]
[ 2012-12-06T00:07:58+08:00 ] /ddsfilm/index.php/admin/Company/about | INFO: Tag[ app_begin ] --END-- [ RunTime:0.010285s ]
[ 2012-12-06T00:07:58+08:00 ] /ddsfilm/index.php/admin/Company/about | INFO: Tag[ view_template ] --START--
[ 2012-12-06T00:07:58+08:00 ] /ddsfilm/index.php/admin/Company/about | INFO: Run LocationTemplate Behavior [ RunTime:0.003259s ]
[ 2012-12-06T00:07:58+08:00 ] /ddsfilm/index.php/admin/Company/about | INFO: Tag[ view_template ] --END-- [ RunTime:0.003535s ]
[ 2012-12-06T00:07:58+08:00 ] /ddsfilm/index.php/admin/Company/about | INFO: Tag[ view_parse ] --START--
[ 2012-12-06T00:07:58+08:00 ] /ddsfilm/index.php/admin/Company/about | NOTIC: [8] Undefined variable: content ac7b12d9ccdf8052cc4adbdecc24e755.php 第 24 行.
[ 2012-12-06T00:07:58+08:00 ] /ddsfilm/index.php/admin/Company/about | NOTIC: [8] Undefined variable: id ac7b12d9ccdf8052cc4adbdecc24e755.php 第 26 行.
[ 2012-12-06T00:07:58+08:00 ] /ddsfilm/index.php/admin/Company/about | INFO: Run ParseTemplate Behavior [ RunTime:0.026804s ]
[ 2012-12-06T00:07:58+08:00 ] /ddsfilm/index.php/admin/Company/about | INFO: Tag[ view_parse ] --END-- [ RunTime:0.027034s ]
[ 2012-12-06T00:07:58+08:00 ] /ddsfilm/index.php/admin/Company/about | INFO: Tag[ view_filter ] --START--
[ 2012-12-06T00:07:58+08:00 ] /ddsfilm/index.php/admin/Company/about | INFO: Run ContentReplace Behavior [ RunTime:0.002969s ]
[ 2012-12-06T00:07:58+08:00 ] /ddsfilm/index.php/admin/Company/about | INFO: Run TokenBuild Behavior [ RunTime:0.002180s ]
[ 2012-12-06T00:07:58+08:00 ] /ddsfilm/index.php/admin/Company/about | INFO: Run WriteHtmlCache Behavior [ RunTime:0.001426s ]
[ 2012-12-06T00:07:58+08:00 ] /ddsfilm/index.php/admin/Company/about | INFO: Run ShowRuntime Behavior [ RunTime:0.001973s ]
[ 2012-12-06T00:07:58+08:00 ] /ddsfilm/index.php/admin/Company/about | INFO: Tag[ view_filter ] --END-- [ RunTime:0.009253s ]
[ 2012-12-06T00:07:58+08:00 ] /ddsfilm/index.php/admin/Company/about | INFO: Tag[ view_end ] --START--
[ 2012-12-06T00:07:58+08:00 ] /ddsfilm/index.php/admin/Company/about | INFO: Run ShowPageTrace Behavior [ RunTime:0.003638s ]
[ 2012-12-06T00:07:58+08:00 ] /ddsfilm/index.php/admin/Company/about | INFO: Tag[ view_end ] --END-- [ RunTime:0.003879s ]
[ 2012-12-06T00:08:01+08:00 ] /ddsfilm/index.php/admin/Company | INFO: Tag[ route_check ] --START--
[ 2012-12-06T00:08:01+08:00 ] /ddsfilm/index.php/admin/Company | INFO: Run CheckRoute Behavior [ RunTime:0.003515s ]
[ 2012-12-06T00:08:01+08:00 ] /ddsfilm/index.php/admin/Company | INFO: Tag[ route_check ] --END-- [ RunTime:0.003819s ]
[ 2012-12-06T00:08:01+08:00 ] /ddsfilm/index.php/admin/Company | INFO: Tag[ app_begin ] --START--
[ 2012-12-06T00:08:01+08:00 ] /ddsfilm/index.php/admin/Company | INFO: Run ReadHtmlCache Behavior [ RunTime:0.002605s ]
[ 2012-12-06T00:08:01+08:00 ] /ddsfilm/index.php/admin/Company | INFO: Run CheckLang Behavior [ RunTime:0.005457s ]
[ 2012-12-06T00:08:01+08:00 ] /ddsfilm/index.php/admin/Company | INFO: Tag[ app_begin ] --END-- [ RunTime:0.008595s ]
[ 2012-12-06T00:08:04+08:00 ] /ddsfilm/index.php/admin/Company/about | INFO: Tag[ route_check ] --START--
[ 2012-12-06T00:08:04+08:00 ] /ddsfilm/index.php/admin/Company/about | INFO: Run CheckRoute Behavior [ RunTime:0.003531s ]
[ 2012-12-06T00:08:04+08:00 ] /ddsfilm/index.php/admin/Company/about | INFO: Tag[ route_check ] --END-- [ RunTime:0.003972s ]
[ 2012-12-06T00:08:04+08:00 ] /ddsfilm/index.php/admin/Company/about | INFO: Tag[ app_begin ] --START--
[ 2012-12-06T00:08:04+08:00 ] /ddsfilm/index.php/admin/Company/about | INFO: Run ReadHtmlCache Behavior [ RunTime:0.002937s ]
[ 2012-12-06T00:08:04+08:00 ] /ddsfilm/index.php/admin/Company/about | INFO: Run CheckLang Behavior [ RunTime:0.006121s ]
[ 2012-12-06T00:08:04+08:00 ] /ddsfilm/index.php/admin/Company/about | INFO: Tag[ app_begin ] --END-- [ RunTime:0.009557s ]
[ 2012-12-06T00:08:04+08:00 ] /ddsfilm/index.php/admin/Company/about | INFO: Tag[ view_template ] --START--
[ 2012-12-06T00:08:04+08:00 ] /ddsfilm/index.php/admin/Company/about | INFO: Run LocationTemplate Behavior [ RunTime:0.003273s ]
[ 2012-12-06T00:08:04+08:00 ] /ddsfilm/index.php/admin/Company/about | INFO: Tag[ view_template ] --END-- [ RunTime:0.003591s ]
[ 2012-12-06T00:08:04+08:00 ] /ddsfilm/index.php/admin/Company/about | INFO: Tag[ view_parse ] --START--
[ 2012-12-06T00:08:04+08:00 ] /ddsfilm/index.php/admin/Company/about | NOTIC: [8] Undefined variable: content ac7b12d9ccdf8052cc4adbdecc24e755.php 第 24 行.
[ 2012-12-06T00:08:04+08:00 ] /ddsfilm/index.php/admin/Company/about | NOTIC: [8] Undefined variable: id ac7b12d9ccdf8052cc4adbdecc24e755.php 第 26 行.
[ 2012-12-06T00:08:04+08:00 ] /ddsfilm/index.php/admin/Company/about | INFO: Run ParseTemplate Behavior [ RunTime:0.032921s ]
[ 2012-12-06T00:08:04+08:00 ] /ddsfilm/index.php/admin/Company/about | INFO: Tag[ view_parse ] --END-- [ RunTime:0.033345s ]
[ 2012-12-06T00:08:04+08:00 ] /ddsfilm/index.php/admin/Company/about | INFO: Tag[ view_filter ] --START--
[ 2012-12-06T00:08:04+08:00 ] /ddsfilm/index.php/admin/Company/about | INFO: Run ContentReplace Behavior [ RunTime:0.003056s ]
[ 2012-12-06T00:08:04+08:00 ] /ddsfilm/index.php/admin/Company/about | INFO: Run TokenBuild Behavior [ RunTime:0.002977s ]
[ 2012-12-06T00:08:04+08:00 ] /ddsfilm/index.php/admin/Company/about | INFO: Run WriteHtmlCache Behavior [ RunTime:0.001830s ]
[ 2012-12-06T00:08:04+08:00 ] /ddsfilm/index.php/admin/Company/about | INFO: Run ShowRuntime Behavior [ RunTime:0.003472s ]
[ 2012-12-06T00:08:04+08:00 ] /ddsfilm/index.php/admin/Company/about | INFO: Tag[ view_filter ] --END-- [ RunTime:0.012239s ]
[ 2012-12-06T00:08:04+08:00 ] /ddsfilm/index.php/admin/Company/about | INFO: Tag[ view_end ] --START--
[ 2012-12-06T00:08:04+08:00 ] /ddsfilm/index.php/admin/Company/about | INFO: Run ShowPageTrace Behavior [ RunTime:0.002757s ]
[ 2012-12-06T00:08:04+08:00 ] /ddsfilm/index.php/admin/Company/about | INFO: Tag[ view_end ] --END-- [ RunTime:0.003061s ]
[ 2012-12-06T00:08:37+08:00 ] /ddsfilm/index.php/admin/Company/about | INFO: Tag[ route_check ] --START--
[ 2012-12-06T00:08:37+08:00 ] /ddsfilm/index.php/admin/Company/about | INFO: Run CheckRoute Behavior [ RunTime:0.005510s ]
[ 2012-12-06T00:08:37+08:00 ] /ddsfilm/index.php/admin/Company/about | INFO: Tag[ route_check ] --END-- [ RunTime:0.005969s ]
[ 2012-12-06T00:08:37+08:00 ] /ddsfilm/index.php/admin/Company/about | INFO: Tag[ app_begin ] --START--
[ 2012-12-06T00:08:37+08:00 ] /ddsfilm/index.php/admin/Company/about | INFO: Run ReadHtmlCache Behavior [ RunTime:0.004368s ]
[ 2012-12-06T00:08:37+08:00 ] /ddsfilm/index.php/admin/Company/about | INFO: Run CheckLang Behavior [ RunTime:0.005995s ]
[ 2012-12-06T00:08:37+08:00 ] /ddsfilm/index.php/admin/Company/about | INFO: Tag[ app_begin ] --END-- [ RunTime:0.010879s ]
[ 2012-12-06T00:08:37+08:00 ] /ddsfilm/index.php/admin/Company/about | INFO: Tag[ view_template ] --START--
[ 2012-12-06T00:08:37+08:00 ] /ddsfilm/index.php/admin/Company/about | INFO: Run LocationTemplate Behavior [ RunTime:0.004287s ]
[ 2012-12-06T00:08:37+08:00 ] /ddsfilm/index.php/admin/Company/about | INFO: Tag[ view_template ] --END-- [ RunTime:0.004625s ]
[ 2012-12-06T00:08:37+08:00 ] /ddsfilm/index.php/admin/Company/about | INFO: Tag[ view_parse ] --START--
[ 2012-12-06T00:08:37+08:00 ] /ddsfilm/index.php/admin/Company/about | NOTIC: [8] Undefined variable: content ac7b12d9ccdf8052cc4adbdecc24e755.php 第 24 行.
[ 2012-12-06T00:08:37+08:00 ] /ddsfilm/index.php/admin/Company/about | NOTIC: [8] Undefined variable: id ac7b12d9ccdf8052cc4adbdecc24e755.php 第 26 行.
[ 2012-12-06T00:08:37+08:00 ] /ddsfilm/index.php/admin/Company/about | INFO: Run ParseTemplate Behavior [ RunTime:0.036624s ]
[ 2012-12-06T00:08:37+08:00 ] /ddsfilm/index.php/admin/Company/about | INFO: Tag[ view_parse ] --END-- [ RunTime:0.036881s ]
[ 2012-12-06T00:08:37+08:00 ] /ddsfilm/index.php/admin/Company/about | INFO: Tag[ view_filter ] --START--
[ 2012-12-06T00:08:37+08:00 ] /ddsfilm/index.php/admin/Company/about | INFO: Run ContentReplace Behavior [ RunTime:0.002798s ]
[ 2012-12-06T00:08:37+08:00 ] /ddsfilm/index.php/admin/Company/about | INFO: Run TokenBuild Behavior [ RunTime:0.002384s ]
[ 2012-12-06T00:08:37+08:00 ] /ddsfilm/index.php/admin/Company/about | INFO: Run WriteHtmlCache Behavior [ RunTime:0.001817s ]
[ 2012-12-06T00:08:37+08:00 ] /ddsfilm/index.php/admin/Company/about | INFO: Run ShowRuntime Behavior [ RunTime:0.002449s ]
[ 2012-12-06T00:08:37+08:00 ] /ddsfilm/index.php/admin/Company/about | INFO: Tag[ view_filter ] --END-- [ RunTime:0.010195s ]
[ 2012-12-06T00:08:37+08:00 ] /ddsfilm/index.php/admin/Company/about | INFO: Tag[ view_end ] --START--
[ 2012-12-06T00:08:37+08:00 ] /ddsfilm/index.php/admin/Company/about | INFO: Run ShowPageTrace Behavior [ RunTime:0.002268s ]
[ 2012-12-06T00:08:37+08:00 ] /ddsfilm/index.php/admin/Company/about | INFO: Tag[ view_end ] --END-- [ RunTime:0.009425s ]
[ 2012-12-06T00:11:02+08:00 ] /ddsfilm/index.php/admin/Company/contact | INFO: Tag[ route_check ] --START--
[ 2012-12-06T00:11:02+08:00 ] /ddsfilm/index.php/admin/Company/contact | INFO: Run CheckRoute Behavior [ RunTime:0.003304s ]
[ 2012-12-06T00:11:02+08:00 ] /ddsfilm/index.php/admin/Company/contact | INFO: Tag[ route_check ] --END-- [ RunTime:0.003593s ]
[ 2012-12-06T00:11:02+08:00 ] /ddsfilm/index.php/admin/Company/contact | INFO: Tag[ app_begin ] --START--
[ 2012-12-06T00:11:02+08:00 ] /ddsfilm/index.php/admin/Company/contact | INFO: Run ReadHtmlCache Behavior [ RunTime:0.002445s ]
[ 2012-12-06T00:11:02+08:00 ] /ddsfilm/index.php/admin/Company/contact | INFO: Run CheckLang Behavior [ RunTime:0.004575s ]
[ 2012-12-06T00:11:02+08:00 ] /ddsfilm/index.php/admin/Company/contact | INFO: Tag[ app_begin ] --END-- [ RunTime:0.007405s ]
[ 2012-12-06T00:11:02+08:00 ] /ddsfilm/index.php/admin/Company/contact | NOTIC: [8] Undefined index: content CompanyAction.class.php 第 9 行.
[ 2012-12-06T00:11:02+08:00 ] /ddsfilm/index.php/admin/Company/contact | SQL: SHOW COLUMNS FROM `dds_article` [ RunTime:0.018195s ]
[ 2012-12-06T00:11:02+08:00 ] /ddsfilm/index.php/admin/Company/contact | NOTIC: [8] Undefined variable: id CompanyAction.class.php 第 26 行.
[ 2012-12-06T00:11:02+08:00 ] /ddsfilm/index.php/admin/Company/contact | INFO: Tag[ view_template ] --START--
[ 2012-12-06T00:11:02+08:00 ] /ddsfilm/index.php/admin/Company/contact | INFO: Run LocationTemplate Behavior [ RunTime:0.003711s ]
[ 2012-12-06T00:11:02+08:00 ] /ddsfilm/index.php/admin/Company/contact | INFO: Tag[ view_template ] --END-- [ RunTime:0.003973s ]
[ 2012-12-06T00:11:02+08:00 ] /ddsfilm/index.php/admin/Company/contact | INFO: Tag[ view_parse ] --START--
[ 2012-12-06T00:11:02+08:00 ] /ddsfilm/index.php/admin/Company/contact | NOTIC: [8] Undefined variable: content ac7b12d9ccdf8052cc4adbdecc24e755.php 第 24 行.
[ 2012-12-06T00:11:02+08:00 ] /ddsfilm/index.php/admin/Company/contact | INFO: Run ParseTemplate Behavior [ RunTime:0.029796s ]
[ 2012-12-06T00:11:02+08:00 ] /ddsfilm/index.php/admin/Company/contact | INFO: Tag[ view_parse ] --END-- [ RunTime:0.030033s ]
[ 2012-12-06T00:11:02+08:00 ] /ddsfilm/index.php/admin/Company/contact | INFO: Tag[ view_filter ] --START--
[ 2012-12-06T00:11:02+08:00 ] /ddsfilm/index.php/admin/Company/contact | INFO: Run ContentReplace Behavior [ RunTime:0.003538s ]
[ 2012-12-06T00:11:02+08:00 ] /ddsfilm/index.php/admin/Company/contact | INFO: Run TokenBuild Behavior [ RunTime:0.002365s ]
[ 2012-12-06T00:11:02+08:00 ] /ddsfilm/index.php/admin/Company/contact | INFO: Run WriteHtmlCache Behavior [ RunTime:0.001690s ]
[ 2012-12-06T00:11:02+08:00 ] /ddsfilm/index.php/admin/Company/contact | INFO: Run ShowRuntime Behavior [ RunTime:0.003367s ]
[ 2012-12-06T00:11:02+08:00 ] /ddsfilm/index.php/admin/Company/contact | INFO: Tag[ view_filter ] --END-- [ RunTime:0.011671s ]
[ 2012-12-06T00:11:02+08:00 ] /ddsfilm/index.php/admin/Company/contact | INFO: Tag[ view_end ] --START--
[ 2012-12-06T00:11:02+08:00 ] /ddsfilm/index.php/admin/Company/contact | INFO: Run ShowPageTrace Behavior [ RunTime:0.002156s ]
[ 2012-12-06T00:11:02+08:00 ] /ddsfilm/index.php/admin/Company/contact | INFO: Tag[ view_end ] --END-- [ RunTime:0.002410s ]
[ 2012-12-06T00:11:22+08:00 ] /ddsfilm/index.php/admin/Company/contact | INFO: Tag[ route_check ] --START--
[ 2012-12-06T00:11:22+08:00 ] /ddsfilm/index.php/admin/Company/contact | INFO: Run CheckRoute Behavior [ RunTime:0.003228s ]
[ 2012-12-06T00:11:22+08:00 ] /ddsfilm/index.php/admin/Company/contact | INFO: Tag[ route_check ] --END-- [ RunTime:0.003512s ]
[ 2012-12-06T00:11:22+08:00 ] /ddsfilm/index.php/admin/Company/contact | INFO: Tag[ app_begin ] --START--
[ 2012-12-06T00:11:22+08:00 ] /ddsfilm/index.php/admin/Company/contact | INFO: Run ReadHtmlCache Behavior [ RunTime:0.004867s ]
[ 2012-12-06T00:11:22+08:00 ] /ddsfilm/index.php/admin/Company/contact | INFO: Run CheckLang Behavior [ RunTime:0.005035s ]
[ 2012-12-06T00:11:22+08:00 ] /ddsfilm/index.php/admin/Company/contact | INFO: Tag[ app_begin ] --END-- [ RunTime:0.010325s ]
[ 2012-12-06T00:11:22+08:00 ] /ddsfilm/index.php/admin/Company/contact | NOTIC: [8] Undefined index: content CompanyAction.class.php 第 9 行.
[ 2012-12-06T00:11:22+08:00 ] /ddsfilm/index.php/admin/Company/contact | SQL: SHOW COLUMNS FROM `dds_article` [ RunTime:0.014092s ]
[ 2012-12-06T00:11:22+08:00 ] /ddsfilm/index.php/admin/Company/contact | NOTIC: [8] Undefined variable: id CompanyAction.class.php 第 26 行.
[ 2012-12-06T00:11:22+08:00 ] /ddsfilm/index.php/admin/Company/contact | INFO: Tag[ view_template ] --START--
[ 2012-12-06T00:11:22+08:00 ] /ddsfilm/index.php/admin/Company/contact | INFO: Run LocationTemplate Behavior [ RunTime:0.005224s ]
[ 2012-12-06T00:11:22+08:00 ] /ddsfilm/index.php/admin/Company/contact | INFO: Tag[ view_template ] --END-- [ RunTime:0.005637s ]
[ 2012-12-06T00:11:22+08:00 ] /ddsfilm/index.php/admin/Company/contact | INFO: Tag[ view_parse ] --START--
[ 2012-12-06T00:11:22+08:00 ] /ddsfilm/index.php/admin/Company/contact | NOTIC: [8] Undefined variable: content ac7b12d9ccdf8052cc4adbdecc24e755.php 第 24 行.
[ 2012-12-06T00:11:22+08:00 ] /ddsfilm/index.php/admin/Company/contact | INFO: Run ParseTemplate Behavior [ RunTime:0.030830s ]
[ 2012-12-06T00:11:22+08:00 ] /ddsfilm/index.php/admin/Company/contact | INFO: Tag[ view_parse ] --END-- [ RunTime:0.031134s ]
[ 2012-12-06T00:11:22+08:00 ] /ddsfilm/index.php/admin/Company/contact | INFO: Tag[ view_filter ] --START--
[ 2012-12-06T00:11:22+08:00 ] /ddsfilm/index.php/admin/Company/contact | INFO: Run ContentReplace Behavior [ RunTime:0.001806s ]
[ 2012-12-06T00:11:22+08:00 ] /ddsfilm/index.php/admin/Company/contact | INFO: Run TokenBuild Behavior [ RunTime:0.002057s ]
[ 2012-12-06T00:11:22+08:00 ] /ddsfilm/index.php/admin/Company/contact | INFO: Run WriteHtmlCache Behavior [ RunTime:0.001427s ]
[ 2012-12-06T00:11:22+08:00 ] /ddsfilm/index.php/admin/Company/contact | INFO: Run ShowRuntime Behavior [ RunTime:0.002033s ]
[ 2012-12-06T00:11:22+08:00 ] /ddsfilm/index.php/admin/Company/contact | INFO: Tag[ view_filter ] --END-- [ RunTime:0.007944s ]
[ 2012-12-06T00:11:22+08:00 ] /ddsfilm/index.php/admin/Company/contact | INFO: Tag[ view_end ] --START--
[ 2012-12-06T00:11:22+08:00 ] /ddsfilm/index.php/admin/Company/contact | INFO: Run ShowPageTrace Behavior [ RunTime:0.001907s ]
[ 2012-12-06T00:11:22+08:00 ] /ddsfilm/index.php/admin/Company/contact | INFO: Tag[ view_end ] --END-- [ RunTime:0.002124s ]
[ 2012-12-06T00:11:30+08:00 ] /ddsfilm/index.php/admin/Company | INFO: Tag[ route_check ] --START--
[ 2012-12-06T00:11:30+08:00 ] /ddsfilm/index.php/admin/Company | INFO: Run CheckRoute Behavior [ RunTime:0.004784s ]
[ 2012-12-06T00:11:30+08:00 ] /ddsfilm/index.php/admin/Company | INFO: Tag[ route_check ] --END-- [ RunTime:0.005077s ]
[ 2012-12-06T00:11:30+08:00 ] /ddsfilm/index.php/admin/Company | INFO: Tag[ app_begin ] --START--
[ 2012-12-06T00:11:30+08:00 ] /ddsfilm/index.php/admin/Company | INFO: Run ReadHtmlCache Behavior [ RunTime:0.002232s ]
[ 2012-12-06T00:11:30+08:00 ] /ddsfilm/index.php/admin/Company | INFO: Run CheckLang Behavior [ RunTime:0.005840s ]
[ 2012-12-06T00:11:30+08:00 ] /ddsfilm/index.php/admin/Company | INFO: Tag[ app_begin ] --END-- [ RunTime:0.010356s ]
[ 2012-12-06T00:11:35+08:00 ] /ddsfilm/index.php/admin/Company/contact | INFO: Tag[ route_check ] --START--
[ 2012-12-06T00:11:35+08:00 ] /ddsfilm/index.php/admin/Company/contact | INFO: Run CheckRoute Behavior [ RunTime:0.004077s ]
[ 2012-12-06T00:11:35+08:00 ] /ddsfilm/index.php/admin/Company/contact | INFO: Tag[ route_check ] --END-- [ RunTime:0.004438s ]
[ 2012-12-06T00:11:35+08:00 ] /ddsfilm/index.php/admin/Company/contact | INFO: Tag[ app_begin ] --START--
[ 2012-12-06T00:11:35+08:00 ] /ddsfilm/index.php/admin/Company/contact | INFO: Run ReadHtmlCache Behavior [ RunTime:0.004301s ]
[ 2012-12-06T00:11:35+08:00 ] /ddsfilm/index.php/admin/Company/contact | INFO: Run CheckLang Behavior [ RunTime:0.005950s ]
[ 2012-12-06T00:11:35+08:00 ] /ddsfilm/index.php/admin/Company/contact | INFO: Tag[ app_begin ] --END-- [ RunTime:0.010791s ]
[ 2012-12-06T00:11:35+08:00 ] /ddsfilm/index.php/admin/Company/contact | NOTIC: [8] Undefined index: content CompanyAction.class.php 第 9 行.
[ 2012-12-06T00:11:35+08:00 ] /ddsfilm/index.php/admin/Company/contact | SQL: SHOW COLUMNS FROM `dds_article` [ RunTime:0.013816s ]
[ 2012-12-06T00:11:35+08:00 ] /ddsfilm/index.php/admin/Company/contact | NOTIC: [8] Undefined variable: id CompanyAction.class.php 第 26 行.
[ 2012-12-06T00:11:35+08:00 ] /ddsfilm/index.php/admin/Company/contact | INFO: Tag[ view_template ] --START--
[ 2012-12-06T00:11:35+08:00 ] /ddsfilm/index.php/admin/Company/contact | INFO: Run LocationTemplate Behavior [ RunTime:0.003421s ]
[ 2012-12-06T00:11:35+08:00 ] /ddsfilm/index.php/admin/Company/contact | INFO: Tag[ view_template ] --END-- [ RunTime:0.003713s ]
[ 2012-12-06T00:11:35+08:00 ] /ddsfilm/index.php/admin/Company/contact | INFO: Tag[ view_parse ] --START--
[ 2012-12-06T00:11:35+08:00 ] /ddsfilm/index.php/admin/Company/contact | NOTIC: [8] Undefined variable: content ac7b12d9ccdf8052cc4adbdecc24e755.php 第 24 行.
[ 2012-12-06T00:11:35+08:00 ] /ddsfilm/index.php/admin/Company/contact | INFO: Run ParseTemplate Behavior [ RunTime:0.034292s ]
[ 2012-12-06T00:11:35+08:00 ] /ddsfilm/index.php/admin/Company/contact | INFO: Tag[ view_parse ] --END-- [ RunTime:0.034577s ]
[ 2012-12-06T00:11:35+08:00 ] /ddsfilm/index.php/admin/Company/contact | INFO: Tag[ view_filter ] --START--
[ 2012-12-06T00:11:35+08:00 ] /ddsfilm/index.php/admin/Company/contact | INFO: Run ContentReplace Behavior [ RunTime:0.002216s ]
[ 2012-12-06T00:11:35+08:00 ] /ddsfilm/index.php/admin/Company/contact | INFO: Run TokenBuild Behavior [ RunTime:0.002724s ]
[ 2012-12-06T00:11:35+08:00 ] /ddsfilm/index.php/admin/Company/contact | INFO: Run WriteHtmlCache Behavior [ RunTime:0.001776s ]
[ 2012-12-06T00:11:35+08:00 ] /ddsfilm/index.php/admin/Company/contact | INFO: Run ShowRuntime Behavior [ RunTime:0.002514s ]
[ 2012-12-06T00:11:35+08:00 ] /ddsfilm/index.php/admin/Company/contact | INFO: Tag[ view_filter ] --END-- [ RunTime:0.010010s ]
[ 2012-12-06T00:11:35+08:00 ] /ddsfilm/index.php/admin/Company/contact | INFO: Tag[ view_end ] --START--
[ 2012-12-06T00:11:35+08:00 ] /ddsfilm/index.php/admin/Company/contact | INFO: Run ShowPageTrace Behavior [ RunTime:0.002326s ]
[ 2012-12-06T00:11:35+08:00 ] /ddsfilm/index.php/admin/Company/contact | INFO: Tag[ view_end ] --END-- [ RunTime:0.002605s ]
[ 2012-12-06T00:11:56+08:00 ] /ddsfilm/index.php/admin/Company/contact | INFO: Tag[ route_check ] --START--
[ 2012-12-06T00:11:56+08:00 ] /ddsfilm/index.php/admin/Company/contact | INFO: Run CheckRoute Behavior [ RunTime:0.014919s ]
[ 2012-12-06T00:11:56+08:00 ] /ddsfilm/index.php/admin/Company/contact | INFO: Tag[ route_check ] --END-- [ RunTime:0.015350s ]
[ 2012-12-06T00:11:56+08:00 ] /ddsfilm/index.php/admin/Company/contact | INFO: Tag[ app_begin ] --START--
[ 2012-12-06T00:11:56+08:00 ] /ddsfilm/index.php/admin/Company/contact | INFO: Run ReadHtmlCache Behavior [ RunTime:0.003201s ]
[ 2012-12-06T00:11:56+08:00 ] /ddsfilm/index.php/admin/Company/contact | INFO: Run CheckLang Behavior [ RunTime:0.007633s ]
[ 2012-12-06T00:11:56+08:00 ] /ddsfilm/index.php/admin/Company/contact | INFO: Tag[ app_begin ] --END-- [ RunTime:0.011362s ]
[ 2012-12-06T00:11:56+08:00 ] /ddsfilm/index.php/admin/Company/contact | NOTIC: [8] Undefined index: content CompanyAction.class.php 第 9 行.
[ 2012-12-06T00:11:56+08:00 ] /ddsfilm/index.php/admin/Company/contact | SQL: SHOW COLUMNS FROM `dds_article` [ RunTime:0.011023s ]
[ 2012-12-06T00:11:56+08:00 ] /ddsfilm/index.php/admin/Company/contact | NOTIC: [8] Undefined variable: id CompanyAction.class.php 第 26 行.
[ 2012-12-06T00:11:56+08:00 ] /ddsfilm/index.php/admin/Company/contact | INFO: Tag[ view_template ] --START--
[ 2012-12-06T00:11:56+08:00 ] /ddsfilm/index.php/admin/Company/contact | INFO: Run LocationTemplate Behavior [ RunTime:0.003753s ]
[ 2012-12-06T00:11:56+08:00 ] /ddsfilm/index.php/admin/Company/contact | INFO: Tag[ view_template ] --END-- [ RunTime:0.003990s ]
[ 2012-12-06T00:11:56+08:00 ] /ddsfilm/index.php/admin/Company/contact | INFO: Tag[ view_parse ] --START--
[ 2012-12-06T00:11:56+08:00 ] /ddsfilm/index.php/admin/Company/contact | NOTIC: [8] Undefined variable: content ac7b12d9ccdf8052cc4adbdecc24e755.php 第 24 行.
[ 2012-12-06T00:11:56+08:00 ] /ddsfilm/index.php/admin/Company/contact | INFO: Run ParseTemplate Behavior [ RunTime:0.031966s ]
[ 2012-12-06T00:11:56+08:00 ] /ddsfilm/index.php/admin/Company/contact | INFO: Tag[ view_parse ] --END-- [ RunTime:0.032211s ]
[ 2012-12-06T00:11:56+08:00 ] /ddsfilm/index.php/admin/Company/contact | INFO: Tag[ view_filter ] --START--
[ 2012-12-06T00:11:56+08:00 ] /ddsfilm/index.php/admin/Company/contact | INFO: Run ContentReplace Behavior [ RunTime:0.002637s ]
[ 2012-12-06T00:11:56+08:00 ] /ddsfilm/index.php/admin/Company/contact | INFO: Run TokenBuild Behavior [ RunTime:0.002583s ]
[ 2012-12-06T00:11:56+08:00 ] /ddsfilm/index.php/admin/Company/contact | INFO: Run WriteHtmlCache Behavior [ RunTime:0.001929s ]
[ 2012-12-06T00:11:56+08:00 ] /ddsfilm/index.php/admin/Company/contact | INFO: Run ShowRuntime Behavior [ RunTime:0.002389s ]
[ 2012-12-06T00:11:56+08:00 ] /ddsfilm/index.php/admin/Company/contact | INFO: Tag[ view_filter ] --END-- [ RunTime:0.010264s ]
[ 2012-12-06T00:11:56+08:00 ] /ddsfilm/index.php/admin/Company/contact | INFO: Tag[ view_end ] --START--
[ 2012-12-06T00:11:56+08:00 ] /ddsfilm/index.php/admin/Company/contact | INFO: Run ShowPageTrace Behavior [ RunTime:0.002053s ]
[ 2012-12-06T00:11:56+08:00 ] /ddsfilm/index.php/admin/Company/contact | INFO: Tag[ view_end ] --END-- [ RunTime:0.002274s ]
[ 2012-12-06T00:12:04+08:00 ] /ddsfilm/index.php/admin/Company/contact | INFO: Tag[ route_check ] --START--
[ 2012-12-06T00:12:04+08:00 ] /ddsfilm/index.php/admin/Company/contact | INFO: Run CheckRoute Behavior [ RunTime:0.006905s ]
[ 2012-12-06T00:12:04+08:00 ] /ddsfilm/index.php/admin/Company/contact | INFO: Tag[ route_check ] --END-- [ RunTime:0.007278s ]
[ 2012-12-06T00:12:04+08:00 ] /ddsfilm/index.php/admin/Company/contact | INFO: Tag[ app_begin ] --START--
[ 2012-12-06T00:12:04+08:00 ] /ddsfilm/index.php/admin/Company/contact | INFO: Run ReadHtmlCache Behavior [ RunTime:0.003284s ]
[ 2012-12-06T00:12:04+08:00 ] /ddsfilm/index.php/admin/Company/contact | INFO: Run CheckLang Behavior [ RunTime:0.012550s ]
[ 2012-12-06T00:12:04+08:00 ] /ddsfilm/index.php/admin/Company/contact | INFO: Tag[ app_begin ] --END-- [ RunTime:0.016351s ]
[ 2012-12-06T00:12:04+08:00 ] /ddsfilm/index.php/admin/Company/contact | NOTIC: [8] Undefined index: content CompanyAction.class.php 第 9 行.
[ 2012-12-06T00:12:04+08:00 ] /ddsfilm/index.php/admin/Company/contact | SQL: SHOW COLUMNS FROM `dds_article` [ RunTime:0.013699s ]
[ 2012-12-06T00:12:04+08:00 ] /ddsfilm/index.php/admin/Company/contact | NOTIC: [8] Undefined variable: id CompanyAction.class.php 第 26 行.
[ 2012-12-06T00:12:04+08:00 ] /ddsfilm/index.php/admin/Company/contact | INFO: Tag[ view_template ] --START--
[ 2012-12-06T00:12:04+08:00 ] /ddsfilm/index.php/admin/Company/contact | INFO: Run LocationTemplate Behavior [ RunTime:0.003516s ]
[ 2012-12-06T00:12:04+08:00 ] /ddsfilm/index.php/admin/Company/contact | INFO: Tag[ view_template ] --END-- [ RunTime:0.003824s ]
[ 2012-12-06T00:12:04+08:00 ] /ddsfilm/index.php/admin/Company/contact | INFO: Tag[ view_parse ] --START--
[ 2012-12-06T00:12:04+08:00 ] /ddsfilm/index.php/admin/Company/contact | NOTIC: [8] Undefined variable: content ac7b12d9ccdf8052cc4adbdecc24e755.php 第 24 行.
[ 2012-12-06T00:12:04+08:00 ] /ddsfilm/index.php/admin/Company/contact | INFO: Run ParseTemplate Behavior [ RunTime:0.027780s ]
[ 2012-12-06T00:12:04+08:00 ] /ddsfilm/index.php/admin/Company/contact | INFO: Tag[ view_parse ] --END-- [ RunTime:0.028073s ]
[ 2012-12-06T00:12:04+08:00 ] /ddsfilm/index.php/admin/Company/contact | INFO: Tag[ view_filter ] --START--
[ 2012-12-06T00:12:04+08:00 ] /ddsfilm/index.php/admin/Company/contact | INFO: Run ContentReplace Behavior [ RunTime:0.002330s ]
[ 2012-12-06T00:12:04+08:00 ] /ddsfilm/index.php/admin/Company/contact | INFO: Run TokenBuild Behavior [ RunTime:0.002293s ]
[ 2012-12-06T00:12:04+08:00 ] /ddsfilm/index.php/admin/Company/contact | INFO: Run WriteHtmlCache Behavior [ RunTime:0.001679s ]
[ 2012-12-06T00:12:04+08:00 ] /ddsfilm/index.php/admin/Company/contact | INFO: Run ShowRuntime Behavior [ RunTime:0.002398s ]
[ 2012-12-06T00:12:04+08:00 ] /ddsfilm/index.php/admin/Company/contact | INFO: Tag[ view_filter ] --END-- [ RunTime:0.009394s ]
[ 2012-12-06T00:12:04+08:00 ] /ddsfilm/index.php/admin/Company/contact | INFO: Tag[ view_end ] --START--
[ 2012-12-06T00:12:04+08:00 ] /ddsfilm/index.php/admin/Company/contact | INFO: Run ShowPageTrace Behavior [ RunTime:0.002327s ]
[ 2012-12-06T00:12:04+08:00 ] /ddsfilm/index.php/admin/Company/contact | INFO: Tag[ view_end ] --END-- [ RunTime:0.002563s ]
