[ 2012-12-07T00:44:49+08:00 ] /ddsfilm/index.php/Index/ | INFO: Tag[ route_check ] --START--
[ 2012-12-07T00:44:49+08:00 ] /ddsfilm/index.php/Index/ | INFO: Run CheckRoute Behavior [ RunTime:0.004532s ]
[ 2012-12-07T00:44:49+08:00 ] /ddsfilm/index.php/Index/ | INFO: Tag[ route_check ] --END-- [ RunTime:0.004883s ]
[ 2012-12-07T00:44:49+08:00 ] /ddsfilm/index.php/Index/ | INFO: Tag[ app_begin ] --START--
[ 2012-12-07T00:44:49+08:00 ] /ddsfilm/index.php/Index/ | INFO: Run ReadHtmlCache Behavior [ RunTime:0.002978s ]
[ 2012-12-07T00:44:49+08:00 ] /ddsfilm/index.php/Index/ | INFO: Run CheckLang Behavior [ RunTime:0.004786s ]
[ 2012-12-07T00:44:49+08:00 ] /ddsfilm/index.php/Index/ | INFO: Tag[ app_begin ] --END-- [ RunTime:0.008548s ]
[ 2012-12-07T00:44:49+08:00 ] /ddsfilm/index.php/Index/ | SQL: SHOW COLUMNS FROM `dds_project` [ RunTime:0.019062s ]
[ 2012-12-07T00:44:49+08:00 ] /ddsfilm/index.php/Index/ | SQL: SELECT * FROM `dds_project`  [ RunTime:0.003283s ]
[ 2012-12-07T00:44:49+08:00 ] /ddsfilm/index.php/Index/ | SQL: SHOW COLUMNS FROM `dds_procates` [ RunTime:0.024392s ]
[ 2012-12-07T00:44:49+08:00 ] /ddsfilm/index.php/Index/ | SQL: SELECT * FROM `dds_procates`  [ RunTime:0.005527s ]
[ 2012-12-07T00:44:49+08:00 ] /ddsfilm/index.php/Index/ | INFO: Tag[ view_template ] --START--
[ 2012-12-07T00:44:49+08:00 ] /ddsfilm/index.php/Index/ | INFO: Run LocationTemplate Behavior [ RunTime:0.004633s ]
[ 2012-12-07T00:44:49+08:00 ] /ddsfilm/index.php/Index/ | INFO: Tag[ view_template ] --END-- [ RunTime:0.004968s ]
[ 2012-12-07T00:44:49+08:00 ] /ddsfilm/index.php/Index/ | INFO: Tag[ view_parse ] --START--
[ 2012-12-07T00:44:49+08:00 ] /ddsfilm/index.php/Index/ | INFO: Run ParseTemplate Behavior [ RunTime:0.073675s ]
[ 2012-12-07T00:44:49+08:00 ] /ddsfilm/index.php/Index/ | INFO: Tag[ view_parse ] --END-- [ RunTime:0.073982s ]
[ 2012-12-07T00:44:49+08:00 ] /ddsfilm/index.php/Index/ | INFO: Tag[ view_filter ] --START--
[ 2012-12-07T00:44:49+08:00 ] /ddsfilm/index.php/Index/ | INFO: Run ContentReplace Behavior [ RunTime:0.004545s ]
[ 2012-12-07T00:44:49+08:00 ] /ddsfilm/index.php/Index/ | INFO: Run TokenBuild Behavior [ RunTime:0.002425s ]
[ 2012-12-07T00:44:49+08:00 ] /ddsfilm/index.php/Index/ | INFO: Run WriteHtmlCache Behavior [ RunTime:0.002101s ]
[ 2012-12-07T00:44:49+08:00 ] /ddsfilm/index.php/Index/ | INFO: Run ShowRuntime Behavior [ RunTime:0.004050s ]
[ 2012-12-07T00:44:49+08:00 ] /ddsfilm/index.php/Index/ | INFO: Tag[ view_filter ] --END-- [ RunTime:0.014014s ]
[ 2012-12-07T00:44:49+08:00 ] /ddsfilm/index.php/Index/ | INFO: Tag[ view_end ] --START--
[ 2012-12-07T00:44:49+08:00 ] /ddsfilm/index.php/Index/ | INFO: Run ShowPageTrace Behavior [ RunTime:0.004081s ]
[ 2012-12-07T00:44:49+08:00 ] /ddsfilm/index.php/Index/ | INFO: Tag[ view_end ] --END-- [ RunTime:0.004515s ]
[ 2012-12-07T00:44:51+08:00 ] /ddsfilm/index.php/Index/Uploads/img/20121206/50c0b8ad5791b.jpg | ERR: (ThinkException) 非法操作Uploads
[ 2012-12-07T00:44:51+08:00 ] /ddsfilm/index.php/Index/Uploads/img/20121206/50c0b8b868b32.jpg | ERR: (ThinkException) 非法操作Uploads
[ 2012-12-07T00:44:51+08:00 ] /ddsfilm/index.php/Index/Uploads/img/20121206/50c0b8d8d352d.jpg | ERR: (ThinkException) 非法操作Uploads
[ 2012-12-07T00:44:51+08:00 ] /ddsfilm/index.php/Index/Uploads/img/20121206/50c07340a992f.jpg | ERR: (ThinkException) 非法操作Uploads
[ 2012-12-07T00:44:51+08:00 ] /ddsfilm/index.php/Index/Uploads/img/20121206/50c0b855f29a6.jpg | ERR: (ThinkException) 非法操作Uploads
[ 2012-12-07T00:45:27+08:00 ] /ddsfilm/index.php/Index/ | INFO: Tag[ route_check ] --START--
[ 2012-12-07T00:45:27+08:00 ] /ddsfilm/index.php/Index/ | INFO: Run CheckRoute Behavior [ RunTime:0.003783s ]
[ 2012-12-07T00:45:27+08:00 ] /ddsfilm/index.php/Index/ | INFO: Tag[ route_check ] --END-- [ RunTime:0.004136s ]
[ 2012-12-07T00:45:28+08:00 ] /ddsfilm/index.php/Index/ | INFO: Tag[ app_begin ] --START--
[ 2012-12-07T00:45:28+08:00 ] /ddsfilm/index.php/Index/ | INFO: Run ReadHtmlCache Behavior [ RunTime:0.002512s ]
[ 2012-12-07T00:45:28+08:00 ] /ddsfilm/index.php/Index/ | INFO: Run CheckLang Behavior [ RunTime:0.003876s ]
[ 2012-12-07T00:45:28+08:00 ] /ddsfilm/index.php/Index/ | INFO: Tag[ app_begin ] --END-- [ RunTime:0.006922s ]
[ 2012-12-07T00:45:28+08:00 ] /ddsfilm/index.php/Index/ | SQL: SHOW COLUMNS FROM `dds_project` [ RunTime:0.017352s ]
[ 2012-12-07T00:45:28+08:00 ] /ddsfilm/index.php/Index/ | SQL: SELECT * FROM `dds_project`  [ RunTime:0.002268s ]
[ 2012-12-07T00:45:28+08:00 ] /ddsfilm/index.php/Index/ | SQL: SHOW COLUMNS FROM `dds_procates` [ RunTime:0.014719s ]
[ 2012-12-07T00:45:28+08:00 ] /ddsfilm/index.php/Index/ | SQL: SELECT * FROM `dds_procates`  [ RunTime:0.001040s ]
[ 2012-12-07T00:45:28+08:00 ] /ddsfilm/index.php/Index/ | INFO: Tag[ view_template ] --START--
[ 2012-12-07T00:45:28+08:00 ] /ddsfilm/index.php/Index/ | INFO: Run LocationTemplate Behavior [ RunTime:0.003841s ]
[ 2012-12-07T00:45:28+08:00 ] /ddsfilm/index.php/Index/ | INFO: Tag[ view_template ] --END-- [ RunTime:0.004145s ]
[ 2012-12-07T00:45:28+08:00 ] /ddsfilm/index.php/Index/ | INFO: Tag[ view_parse ] --START--
[ 2012-12-07T00:45:28+08:00 ] /ddsfilm/index.php/Index/ | INFO: Run ParseTemplate Behavior [ RunTime:0.046081s ]
[ 2012-12-07T00:45:28+08:00 ] /ddsfilm/index.php/Index/ | INFO: Tag[ view_parse ] --END-- [ RunTime:0.046499s ]
[ 2012-12-07T00:45:28+08:00 ] /ddsfilm/index.php/Index/ | INFO: Tag[ view_filter ] --START--
[ 2012-12-07T00:45:28+08:00 ] /ddsfilm/index.php/Index/ | INFO: Run ContentReplace Behavior [ RunTime:0.006687s ]
[ 2012-12-07T00:45:28+08:00 ] /ddsfilm/index.php/Index/ | INFO: Run TokenBuild Behavior [ RunTime:0.004230s ]
[ 2012-12-07T00:45:28+08:00 ] /ddsfilm/index.php/Index/ | INFO: Run WriteHtmlCache Behavior [ RunTime:0.001652s ]
[ 2012-12-07T00:45:28+08:00 ] /ddsfilm/index.php/Index/ | INFO: Run ShowRuntime Behavior [ RunTime:0.003333s ]
[ 2012-12-07T00:45:28+08:00 ] /ddsfilm/index.php/Index/ | INFO: Tag[ view_filter ] --END-- [ RunTime:0.017137s ]
[ 2012-12-07T00:45:28+08:00 ] /ddsfilm/index.php/Index/ | INFO: Tag[ view_end ] --START--
[ 2012-12-07T00:45:28+08:00 ] /ddsfilm/index.php/Index/ | INFO: Run ShowPageTrace Behavior [ RunTime:0.001821s ]
[ 2012-12-07T00:45:28+08:00 ] /ddsfilm/index.php/Index/ | INFO: Tag[ view_end ] --END-- [ RunTime:0.002061s ]
[ 2012-12-07T00:45:48+08:00 ] /ddsfilm/index.php/Index/ | INFO: Tag[ route_check ] --START--
[ 2012-12-07T00:45:48+08:00 ] /ddsfilm/index.php/Index/ | INFO: Run CheckRoute Behavior [ RunTime:0.004483s ]
[ 2012-12-07T00:45:48+08:00 ] /ddsfilm/index.php/Index/ | INFO: Tag[ route_check ] --END-- [ RunTime:0.004866s ]
[ 2012-12-07T00:45:48+08:00 ] /ddsfilm/index.php/Index/ | INFO: Tag[ app_begin ] --START--
[ 2012-12-07T00:45:48+08:00 ] /ddsfilm/index.php/Index/ | INFO: Run ReadHtmlCache Behavior [ RunTime:0.002695s ]
[ 2012-12-07T00:45:48+08:00 ] /ddsfilm/index.php/Index/ | INFO: Run CheckLang Behavior [ RunTime:0.004168s ]
[ 2012-12-07T00:45:48+08:00 ] /ddsfilm/index.php/Index/ | INFO: Tag[ app_begin ] --END-- [ RunTime:0.007521s ]
[ 2012-12-07T00:45:48+08:00 ] /ddsfilm/index.php/Index/ | SQL: SHOW COLUMNS FROM `dds_project` [ RunTime:0.016343s ]
[ 2012-12-07T00:45:48+08:00 ] /ddsfilm/index.php/Index/ | SQL: SELECT * FROM `dds_project`  [ RunTime:0.002583s ]
[ 2012-12-07T00:45:48+08:00 ] /ddsfilm/index.php/Index/ | SQL: SHOW COLUMNS FROM `dds_procates` [ RunTime:0.019125s ]
[ 2012-12-07T00:45:48+08:00 ] /ddsfilm/index.php/Index/ | SQL: SELECT * FROM `dds_procates`  [ RunTime:0.001081s ]
[ 2012-12-07T00:45:48+08:00 ] /ddsfilm/index.php/Index/ | INFO: Tag[ view_template ] --START--
[ 2012-12-07T00:45:48+08:00 ] /ddsfilm/index.php/Index/ | INFO: Run LocationTemplate Behavior [ RunTime:0.003246s ]
[ 2012-12-07T00:45:48+08:00 ] /ddsfilm/index.php/Index/ | INFO: Tag[ view_template ] --END-- [ RunTime:0.003519s ]
[ 2012-12-07T00:45:48+08:00 ] /ddsfilm/index.php/Index/ | INFO: Tag[ view_parse ] --START--
[ 2012-12-07T00:45:48+08:00 ] /ddsfilm/index.php/Index/ | INFO: Run ParseTemplate Behavior [ RunTime:0.046945s ]
[ 2012-12-07T00:45:48+08:00 ] /ddsfilm/index.php/Index/ | INFO: Tag[ view_parse ] --END-- [ RunTime:0.047217s ]
[ 2012-12-07T00:45:48+08:00 ] /ddsfilm/index.php/Index/ | INFO: Tag[ view_filter ] --START--
[ 2012-12-07T00:45:48+08:00 ] /ddsfilm/index.php/Index/ | INFO: Run ContentReplace Behavior [ RunTime:0.003479s ]
[ 2012-12-07T00:45:48+08:00 ] /ddsfilm/index.php/Index/ | INFO: Run TokenBuild Behavior [ RunTime:0.002589s ]
[ 2012-12-07T00:45:48+08:00 ] /ddsfilm/index.php/Index/ | INFO: Run WriteHtmlCache Behavior [ RunTime:0.001951s ]
[ 2012-12-07T00:45:48+08:00 ] /ddsfilm/index.php/Index/ | INFO: Run ShowRuntime Behavior [ RunTime:0.002242s ]
[ 2012-12-07T00:45:48+08:00 ] /ddsfilm/index.php/Index/ | INFO: Tag[ view_filter ] --END-- [ RunTime:0.011127s ]
[ 2012-12-07T00:45:48+08:00 ] /ddsfilm/index.php/Index/ | INFO: Tag[ view_end ] --START--
[ 2012-12-07T00:45:48+08:00 ] /ddsfilm/index.php/Index/ | INFO: Run ShowPageTrace Behavior [ RunTime:0.002042s ]
[ 2012-12-07T00:45:48+08:00 ] /ddsfilm/index.php/Index/ | INFO: Tag[ view_end ] --END-- [ RunTime:0.002276s ]
[ 2012-12-07T00:45:49+08:00 ] /ddsfilm/index.php/Index/Uploads/img/20121206/50c0b8d8d352d.jpg | ERR: (ThinkException) 非法操作Uploads
[ 2012-12-07T00:45:49+08:00 ] /ddsfilm/index.php/Index/Uploads/img/20121206/50c07340a992f.jpg | ERR: (ThinkException) 非法操作Uploads
[ 2012-12-07T00:45:49+08:00 ] /ddsfilm/index.php/Index/Uploads/img/20121206/50c0b8ad5791b.jpg | ERR: (ThinkException) 非法操作Uploads
[ 2012-12-07T00:45:49+08:00 ] /ddsfilm/index.php/Index/Uploads/img/20121206/50c0b8b868b32.jpg | ERR: (ThinkException) 非法操作Uploads
[ 2012-12-07T00:45:50+08:00 ] /ddsfilm/index.php/Index/Uploads/img/20121206/50c0b855f29a6.jpg | ERR: (ThinkException) 非法操作Uploads
[ 2012-12-07T00:46:18+08:00 ] /ddsfilm/index.php/Index/Uploads/img/20121206/50c0b8b868b32.jpg | ERR: (ThinkException) 非法操作Uploads
[ 2012-12-07T00:46:18+08:00 ] /ddsfilm/index.php/Index/Uploads/img/20121206/50c0b8d8d352d.jpg | ERR: (ThinkException) 非法操作Uploads
[ 2012-12-07T00:46:18+08:00 ] /ddsfilm/index.php/Index/Uploads/img/20121206/50c0b855f29a6.jpg | ERR: (ThinkException) 非法操作Uploads
[ 2012-12-07T00:46:18+08:00 ] /ddsfilm/index.php/Index/Uploads/img/20121206/50c07340a992f.jpg | ERR: (ThinkException) 非法操作Uploads
[ 2012-12-07T00:46:19+08:00 ] /ddsfilm/index.php/Index/Uploads/img/20121206/50c0b8d8d352d.jpg | ERR: (ThinkException) 非法操作Uploads
[ 2012-12-07T00:46:19+08:00 ] /ddsfilm/index.php/Index/Uploads/img/20121206/50c0b8b868b32.jpg | ERR: (ThinkException) 非法操作Uploads
[ 2012-12-07T00:46:19+08:00 ] /ddsfilm/index.php/Index/Uploads/img/20121206/50c07340a992f.jpg | ERR: (ThinkException) 非法操作Uploads
[ 2012-12-07T00:46:19+08:00 ] /ddsfilm/index.php/Index/Uploads/img/20121206/50c0b8ad5791b.jpg | ERR: (ThinkException) 非法操作Uploads
[ 2012-12-07T00:46:19+08:00 ] /ddsfilm/index.php/Index/Uploads/img/20121206/50c0b855f29a6.jpg | ERR: (ThinkException) 非法操作Uploads
[ 2012-12-07T00:46:25+08:00 ] /ddsfilm/index.php/admin/Project | INFO: Tag[ route_check ] --START--
[ 2012-12-07T00:46:25+08:00 ] /ddsfilm/index.php/admin/Project | INFO: Run CheckRoute Behavior [ RunTime:0.014130s ]
[ 2012-12-07T00:46:25+08:00 ] /ddsfilm/index.php/admin/Project | INFO: Tag[ route_check ] --END-- [ RunTime:0.014535s ]
[ 2012-12-07T00:46:25+08:00 ] /ddsfilm/index.php/admin/Project | INFO: Tag[ app_begin ] --START--
[ 2012-12-07T00:46:25+08:00 ] /ddsfilm/index.php/admin/Project | INFO: Run ReadHtmlCache Behavior [ RunTime:0.002619s ]
[ 2012-12-07T00:46:25+08:00 ] /ddsfilm/index.php/admin/Project | INFO: Run CheckLang Behavior [ RunTime:0.005935s ]
[ 2012-12-07T00:46:25+08:00 ] /ddsfilm/index.php/admin/Project | INFO: Tag[ app_begin ] --END-- [ RunTime:0.009075s ]
[ 2012-12-07T00:46:25+08:00 ] /ddsfilm/index.php/admin/Project | SQL: SHOW COLUMNS FROM `dds_project` [ RunTime:0.015627s ]
[ 2012-12-07T00:46:25+08:00 ] /ddsfilm/index.php/admin/Project | SQL: SELECT COUNT(*) AS tp_count FROM `dds_project` LIMIT 1   [ RunTime:0.000991s ]
[ 2012-12-07T00:46:25+08:00 ] /ddsfilm/index.php/admin/Project | SQL: SHOW COLUMNS FROM `dds_project` [ RunTime:0.014061s ]
[ 2012-12-07T00:46:25+08:00 ] /ddsfilm/index.php/admin/Project | SQL: SELECT * FROM `dds_project` LIMIT 0,20   [ RunTime:0.001356s ]
[ 2012-12-07T00:46:25+08:00 ] /ddsfilm/index.php/admin/Project | INFO: Tag[ view_template ] --START--
[ 2012-12-07T00:46:25+08:00 ] /ddsfilm/index.php/admin/Project | INFO: Run LocationTemplate Behavior [ RunTime:0.003618s ]
[ 2012-12-07T00:46:25+08:00 ] /ddsfilm/index.php/admin/Project | INFO: Tag[ view_template ] --END-- [ RunTime:0.003921s ]
[ 2012-12-07T00:46:25+08:00 ] /ddsfilm/index.php/admin/Project | INFO: Tag[ view_parse ] --START--
[ 2012-12-07T00:46:25+08:00 ] /ddsfilm/index.php/admin/Project | INFO: Run ParseTemplate Behavior [ RunTime:0.061045s ]
[ 2012-12-07T00:46:25+08:00 ] /ddsfilm/index.php/admin/Project | INFO: Tag[ view_parse ] --END-- [ RunTime:0.061379s ]
[ 2012-12-07T00:46:25+08:00 ] /ddsfilm/index.php/admin/Project | INFO: Tag[ view_filter ] --START--
[ 2012-12-07T00:46:26+08:00 ] /ddsfilm/index.php/admin/Project | INFO: Run ContentReplace Behavior [ RunTime:0.004703s ]
[ 2012-12-07T00:46:26+08:00 ] /ddsfilm/index.php/admin/Project | INFO: Run TokenBuild Behavior [ RunTime:0.002800s ]
[ 2012-12-07T00:46:26+08:00 ] /ddsfilm/index.php/admin/Project | INFO: Run WriteHtmlCache Behavior [ RunTime:0.001780s ]
[ 2012-12-07T00:46:26+08:00 ] /ddsfilm/index.php/admin/Project | INFO: Run ShowRuntime Behavior [ RunTime:0.004243s ]
[ 2012-12-07T00:46:26+08:00 ] /ddsfilm/index.php/admin/Project | INFO: Tag[ view_filter ] --END-- [ RunTime:0.014467s ]
[ 2012-12-07T00:46:26+08:00 ] /ddsfilm/index.php/admin/Project | INFO: Tag[ view_end ] --START--
[ 2012-12-07T00:46:26+08:00 ] /ddsfilm/index.php/admin/Project | INFO: Run ShowPageTrace Behavior [ RunTime:0.002362s ]
[ 2012-12-07T00:46:26+08:00 ] /ddsfilm/index.php/admin/Project | INFO: Tag[ view_end ] --END-- [ RunTime:0.002659s ]
[ 2012-12-07T00:46:30+08:00 ] /ddsfilm/index.php/admin/Project/projectcontrol/id/1/method/edit | INFO: Tag[ route_check ] --START--
[ 2012-12-07T00:46:30+08:00 ] /ddsfilm/index.php/admin/Project/projectcontrol/id/1/method/edit | INFO: Run CheckRoute Behavior [ RunTime:0.003438s ]
[ 2012-12-07T00:46:30+08:00 ] /ddsfilm/index.php/admin/Project/projectcontrol/id/1/method/edit | INFO: Tag[ route_check ] --END-- [ RunTime:0.003764s ]
[ 2012-12-07T00:46:30+08:00 ] /ddsfilm/index.php/admin/Project/projectcontrol/id/1/method/edit | INFO: Tag[ app_begin ] --START--
[ 2012-12-07T00:46:30+08:00 ] /ddsfilm/index.php/admin/Project/projectcontrol/id/1/method/edit | INFO: Run ReadHtmlCache Behavior [ RunTime:0.003542s ]
[ 2012-12-07T00:46:30+08:00 ] /ddsfilm/index.php/admin/Project/projectcontrol/id/1/method/edit | INFO: Run CheckLang Behavior [ RunTime:0.005720s ]
[ 2012-12-07T00:46:30+08:00 ] /ddsfilm/index.php/admin/Project/projectcontrol/id/1/method/edit | INFO: Tag[ app_begin ] --END-- [ RunTime:0.009810s ]
[ 2012-12-07T00:46:30+08:00 ] /ddsfilm/index.php/admin/Project/projectcontrol/id/1/method/edit | SQL: SHOW COLUMNS FROM `dds_project` [ RunTime:0.014995s ]
[ 2012-12-07T00:46:30+08:00 ] /ddsfilm/index.php/admin/Project/projectcontrol/id/1/method/edit | SQL: SELECT * FROM `dds_project` WHERE id=1 LIMIT 1   [ RunTime:0.001136s ]
[ 2012-12-07T00:46:30+08:00 ] /ddsfilm/index.php/admin/Project/projectcontrol/id/1/method/edit | SQL: SHOW COLUMNS FROM `dds_team` [ RunTime:0.013830s ]
[ 2012-12-07T00:46:30+08:00 ] /ddsfilm/index.php/admin/Project/projectcontrol/id/1/method/edit | SQL: SELECT * FROM `dds_team`  [ RunTime:0.000936s ]
[ 2012-12-07T00:46:30+08:00 ] /ddsfilm/index.php/admin/Project/projectcontrol/id/1/method/edit | SQL: SHOW COLUMNS FROM `dds_procates` [ RunTime:0.013005s ]
[ 2012-12-07T00:46:30+08:00 ] /ddsfilm/index.php/admin/Project/projectcontrol/id/1/method/edit | SQL: SELECT * FROM `dds_procates`  [ RunTime:0.000948s ]
[ 2012-12-07T00:46:30+08:00 ] /ddsfilm/index.php/admin/Project/projectcontrol/id/1/method/edit | INFO: Tag[ view_template ] --START--
[ 2012-12-07T00:46:30+08:00 ] /ddsfilm/index.php/admin/Project/projectcontrol/id/1/method/edit | INFO: Run LocationTemplate Behavior [ RunTime:0.003442s ]
[ 2012-12-07T00:46:30+08:00 ] /ddsfilm/index.php/admin/Project/projectcontrol/id/1/method/edit | INFO: Tag[ view_template ] --END-- [ RunTime:0.003750s ]
[ 2012-12-07T00:46:30+08:00 ] /ddsfilm/index.php/admin/Project/projectcontrol/id/1/method/edit | INFO: Tag[ view_parse ] --START--
[ 2012-12-07T00:46:30+08:00 ] /ddsfilm/index.php/admin/Project/projectcontrol/id/1/method/edit | INFO: Run ParseTemplate Behavior [ RunTime:0.052215s ]
[ 2012-12-07T00:46:30+08:00 ] /ddsfilm/index.php/admin/Project/projectcontrol/id/1/method/edit | INFO: Tag[ view_parse ] --END-- [ RunTime:0.052551s ]
[ 2012-12-07T00:46:30+08:00 ] /ddsfilm/index.php/admin/Project/projectcontrol/id/1/method/edit | INFO: Tag[ view_filter ] --START--
[ 2012-12-07T00:46:30+08:00 ] /ddsfilm/index.php/admin/Project/projectcontrol/id/1/method/edit | INFO: Run ContentReplace Behavior [ RunTime:0.002428s ]
[ 2012-12-07T00:46:30+08:00 ] /ddsfilm/index.php/admin/Project/projectcontrol/id/1/method/edit | INFO: Run TokenBuild Behavior [ RunTime:0.002777s ]
[ 2012-12-07T00:46:30+08:00 ] /ddsfilm/index.php/admin/Project/projectcontrol/id/1/method/edit | INFO: Run WriteHtmlCache Behavior [ RunTime:0.001810s ]
[ 2012-12-07T00:46:30+08:00 ] /ddsfilm/index.php/admin/Project/projectcontrol/id/1/method/edit | INFO: Run ShowRuntime Behavior [ RunTime:0.002423s ]
[ 2012-12-07T00:46:30+08:00 ] /ddsfilm/index.php/admin/Project/projectcontrol/id/1/method/edit | INFO: Tag[ view_filter ] --END-- [ RunTime:0.010241s ]
[ 2012-12-07T00:46:30+08:00 ] /ddsfilm/index.php/admin/Project/projectcontrol/id/1/method/edit | INFO: Tag[ view_end ] --START--
[ 2012-12-07T00:46:30+08:00 ] /ddsfilm/index.php/admin/Project/projectcontrol/id/1/method/edit | INFO: Run ShowPageTrace Behavior [ RunTime:0.003042s ]
[ 2012-12-07T00:46:30+08:00 ] /ddsfilm/index.php/admin/Project/projectcontrol/id/1/method/edit | INFO: Tag[ view_end ] --END-- [ RunTime:0.003431s ]
[ 2012-12-07T00:46:38+08:00 ] /ddsfilm/index.php/admin/Project/save/method/edit | INFO: Tag[ route_check ] --START--
[ 2012-12-07T00:46:38+08:00 ] /ddsfilm/index.php/admin/Project/save/method/edit | INFO: Run CheckRoute Behavior [ RunTime:0.007757s ]
[ 2012-12-07T00:46:38+08:00 ] /ddsfilm/index.php/admin/Project/save/method/edit | INFO: Tag[ route_check ] --END-- [ RunTime:0.008181s ]
[ 2012-12-07T00:46:38+08:00 ] /ddsfilm/index.php/admin/Project/save/method/edit | INFO: Tag[ app_begin ] --START--
[ 2012-12-07T00:46:38+08:00 ] /ddsfilm/index.php/admin/Project/save/method/edit | INFO: Run ReadHtmlCache Behavior [ RunTime:0.007084s ]
[ 2012-12-07T00:46:38+08:00 ] /ddsfilm/index.php/admin/Project/save/method/edit | INFO: Run CheckLang Behavior [ RunTime:0.008725s ]
[ 2012-12-07T00:46:38+08:00 ] /ddsfilm/index.php/admin/Project/save/method/edit | INFO: Tag[ app_begin ] --END-- [ RunTime:0.016378s ]
[ 2012-12-07T00:46:38+08:00 ] /ddsfilm/index.php/admin/Project/save/method/edit | SQL: SHOW COLUMNS FROM `dds_project` [ RunTime:0.015724s ]
[ 2012-12-07T00:46:38+08:00 ] /ddsfilm/index.php/admin/Project/save/method/edit | NOTIC: [2] Missing argument 3 for GobalAction::_upload(), called in F:\wamp\www\ddsfilm\Lib\Action\Admin\ProjectAction.class.php on line 56 and defined GobalAction.class.php 第 18 行.
[ 2012-12-07T00:46:38+08:00 ] /ddsfilm/index.php/admin/Project/save/method/edit | NOTIC: [2] Missing argument 4 for GobalAction::_upload(), called in F:\wamp\www\ddsfilm\Lib\Action\Admin\ProjectAction.class.php on line 56 and defined GobalAction.class.php 第 18 行.
[ 2012-12-07T00:46:38+08:00 ] /ddsfilm/index.php/admin/Project/save/method/edit | NOTIC: [2] Missing argument 5 for GobalAction::_upload(), called in F:\wamp\www\ddsfilm\Lib\Action\Admin\ProjectAction.class.php on line 56 and defined GobalAction.class.php 第 18 行.
[ 2012-12-07T00:46:38+08:00 ] /ddsfilm/index.php/admin/Project/save/method/edit | NOTIC: [8] Use of undefined constant ATTACHPATH - assumed 'ATTACHPATH' GobalAction.class.php 第 21 行.
[ 2012-12-07T00:46:38+08:00 ] /ddsfilm/index.php/admin/Project/save/method/edit | NOTIC: [8] Use of undefined constant ATTACHSIZE - assumed 'ATTACHSIZE' GobalAction.class.php 第 28 行.
[ 2012-12-07T00:46:38+08:00 ] /ddsfilm/index.php/admin/Project/save/method/edit | NOTIC: [8] Use of undefined constant ATTACHEXT - assumed 'ATTACHEXT' GobalAction.class.php 第 29 行.
[ 2012-12-07T00:46:38+08:00 ] /ddsfilm/index.php/admin/Project/save/method/edit | NOTIC: [8] Use of undefined constant ATTACH - assumed 'ATTACH' GobalAction.class.php 第 32 行.
[ 2012-12-07T00:46:38+08:00 ] /ddsfilm/index.php/admin/Project/save/method/edit | NOTIC: [8] Use of undefined constant THUMBMAXWIDTH - assumed 'THUMBMAXWIDTH' GobalAction.class.php 第 33 行.
[ 2012-12-07T00:46:38+08:00 ] /ddsfilm/index.php/admin/Project/save/method/edit | NOTIC: [8] Use of undefined constant THUMBMAXHEIGHT - assumed 'THUMBMAXHEIGHT' GobalAction.class.php 第 34 行.
[ 2012-12-07T00:46:38+08:00 ] /ddsfilm/index.php/admin/Project/save/method/edit | NOTIC: [8] Use of undefined constant THUMBSUFFIX - assumed 'THUMBSUFFIX' GobalAction.class.php 第 35 行.
[ 2012-12-07T00:46:38+08:00 ] /ddsfilm/index.php/admin/Project/save/method/edit | NOTIC: [8] Undefined property: UploadFile::$zipImags UploadFile.class.php 第 172 行.
[ 2012-12-07T00:46:38+08:00 ] /ddsfilm/index.php/admin/Project/save/method/edit | SQL: UPDATE `dds_project` SET `title`='AQUA',`video`='DDS FILM',`year`='1999',`client`='NIVEA',`director`='Jack LIN',`producer`='DDS FILM',`agency`='TBWA',`product`='DDS FILM',`sid`='1',`date`=1354812398,`pic`='./Uploads/img/20121207/50c0cbee81e3b.jpg' WHERE ( `id` = '1' ) [ RunTime:0.001433s ]
[ 2012-12-07T00:46:38+08:00 ] /ddsfilm/index.php/admin/Project/save/method/edit | INFO: Tag[ view_template ] --START--
[ 2012-12-07T00:46:38+08:00 ] /ddsfilm/index.php/admin/Project/save/method/edit | INFO: Run LocationTemplate Behavior [ RunTime:0.003160s ]
[ 2012-12-07T00:46:38+08:00 ] /ddsfilm/index.php/admin/Project/save/method/edit | INFO: Tag[ view_template ] --END-- [ RunTime:0.003619s ]
[ 2012-12-07T00:46:38+08:00 ] /ddsfilm/index.php/admin/Project/save/method/edit | INFO: Tag[ view_parse ] --START--
[ 2012-12-07T00:46:38+08:00 ] /ddsfilm/index.php/admin/Project/save/method/edit | INFO: Run ParseTemplate Behavior [ RunTime:0.037190s ]
[ 2012-12-07T00:46:38+08:00 ] /ddsfilm/index.php/admin/Project/save/method/edit | INFO: Tag[ view_parse ] --END-- [ RunTime:0.037627s ]
[ 2012-12-07T00:46:38+08:00 ] /ddsfilm/index.php/admin/Project/save/method/edit | INFO: Tag[ view_filter ] --START--
[ 2012-12-07T00:46:38+08:00 ] /ddsfilm/index.php/admin/Project/save/method/edit | INFO: Run ContentReplace Behavior [ RunTime:0.001915s ]
[ 2012-12-07T00:46:38+08:00 ] /ddsfilm/index.php/admin/Project/save/method/edit | INFO: Run TokenBuild Behavior [ RunTime:0.001899s ]
[ 2012-12-07T00:46:38+08:00 ] /ddsfilm/index.php/admin/Project/save/method/edit | INFO: Run WriteHtmlCache Behavior [ RunTime:0.002097s ]
[ 2012-12-07T00:46:38+08:00 ] /ddsfilm/index.php/admin/Project/save/method/edit | INFO: Run ShowRuntime Behavior [ RunTime:0.002264s ]
[ 2012-12-07T00:46:38+08:00 ] /ddsfilm/index.php/admin/Project/save/method/edit | INFO: Tag[ view_filter ] --END-- [ RunTime:0.008969s ]
[ 2012-12-07T00:46:38+08:00 ] /ddsfilm/index.php/admin/Project/save/method/edit | INFO: Tag[ view_end ] --START--
[ 2012-12-07T00:46:38+08:00 ] /ddsfilm/index.php/admin/Project/save/method/edit | INFO: Run ShowPageTrace Behavior [ RunTime:0.001991s ]
[ 2012-12-07T00:46:38+08:00 ] /ddsfilm/index.php/admin/Project/save/method/edit | INFO: Tag[ view_end ] --END-- [ RunTime:0.002235s ]
[ 2012-12-07T00:46:40+08:00 ] /ddsfilm/index.php/admin/Project/ | INFO: Tag[ route_check ] --START--
[ 2012-12-07T00:46:40+08:00 ] /ddsfilm/index.php/admin/Project/ | INFO: Run CheckRoute Behavior [ RunTime:0.004182s ]
[ 2012-12-07T00:46:40+08:00 ] /ddsfilm/index.php/admin/Project/ | INFO: Tag[ route_check ] --END-- [ RunTime:0.004547s ]
[ 2012-12-07T00:46:40+08:00 ] /ddsfilm/index.php/admin/Project/ | INFO: Tag[ app_begin ] --START--
[ 2012-12-07T00:46:40+08:00 ] /ddsfilm/index.php/admin/Project/ | INFO: Run ReadHtmlCache Behavior [ RunTime:0.002537s ]
[ 2012-12-07T00:46:40+08:00 ] /ddsfilm/index.php/admin/Project/ | INFO: Run CheckLang Behavior [ RunTime:0.005011s ]
[ 2012-12-07T00:46:40+08:00 ] /ddsfilm/index.php/admin/Project/ | INFO: Tag[ app_begin ] --END-- [ RunTime:0.008061s ]
[ 2012-12-07T00:46:40+08:00 ] /ddsfilm/index.php/admin/Project/ | SQL: SHOW COLUMNS FROM `dds_project` [ RunTime:0.014751s ]
[ 2012-12-07T00:46:40+08:00 ] /ddsfilm/index.php/admin/Project/ | SQL: SELECT COUNT(*) AS tp_count FROM `dds_project` LIMIT 1   [ RunTime:0.000793s ]
[ 2012-12-07T00:46:40+08:00 ] /ddsfilm/index.php/admin/Project/ | SQL: SHOW COLUMNS FROM `dds_project` [ RunTime:0.016351s ]
[ 2012-12-07T00:46:40+08:00 ] /ddsfilm/index.php/admin/Project/ | SQL: SELECT * FROM `dds_project` LIMIT 0,20   [ RunTime:0.001378s ]
[ 2012-12-07T00:46:40+08:00 ] /ddsfilm/index.php/admin/Project/ | INFO: Tag[ view_template ] --START--
[ 2012-12-07T00:46:40+08:00 ] /ddsfilm/index.php/admin/Project/ | INFO: Run LocationTemplate Behavior [ RunTime:0.003028s ]
[ 2012-12-07T00:46:40+08:00 ] /ddsfilm/index.php/admin/Project/ | INFO: Tag[ view_template ] --END-- [ RunTime:0.003341s ]
[ 2012-12-07T00:46:40+08:00 ] /ddsfilm/index.php/admin/Project/ | INFO: Tag[ view_parse ] --START--
[ 2012-12-07T00:46:40+08:00 ] /ddsfilm/index.php/admin/Project/ | INFO: Run ParseTemplate Behavior [ RunTime:0.042292s ]
[ 2012-12-07T00:46:40+08:00 ] /ddsfilm/index.php/admin/Project/ | INFO: Tag[ view_parse ] --END-- [ RunTime:0.042592s ]
[ 2012-12-07T00:46:40+08:00 ] /ddsfilm/index.php/admin/Project/ | INFO: Tag[ view_filter ] --START--
[ 2012-12-07T00:46:40+08:00 ] /ddsfilm/index.php/admin/Project/ | INFO: Run ContentReplace Behavior [ RunTime:0.002367s ]
[ 2012-12-07T00:46:40+08:00 ] /ddsfilm/index.php/admin/Project/ | INFO: Run TokenBuild Behavior [ RunTime:0.002141s ]
[ 2012-12-07T00:46:40+08:00 ] /ddsfilm/index.php/admin/Project/ | INFO: Run WriteHtmlCache Behavior [ RunTime:0.001421s ]
[ 2012-12-07T00:46:40+08:00 ] /ddsfilm/index.php/admin/Project/ | INFO: Run ShowRuntime Behavior [ RunTime:0.002037s ]
[ 2012-12-07T00:46:40+08:00 ] /ddsfilm/index.php/admin/Project/ | INFO: Tag[ view_filter ] --END-- [ RunTime:0.008643s ]
[ 2012-12-07T00:46:40+08:00 ] /ddsfilm/index.php/admin/Project/ | INFO: Tag[ view_end ] --START--
[ 2012-12-07T00:46:40+08:00 ] /ddsfilm/index.php/admin/Project/ | INFO: Run ShowPageTrace Behavior [ RunTime:0.002092s ]
[ 2012-12-07T00:46:40+08:00 ] /ddsfilm/index.php/admin/Project/ | INFO: Tag[ view_end ] --END-- [ RunTime:0.002372s ]
[ 2012-12-07T00:46:41+08:00 ] /ddsfilm/index.php/Index/ | INFO: Tag[ route_check ] --START--
[ 2012-12-07T00:46:41+08:00 ] /ddsfilm/index.php/Index/ | INFO: Run CheckRoute Behavior [ RunTime:0.003439s ]
[ 2012-12-07T00:46:41+08:00 ] /ddsfilm/index.php/Index/ | INFO: Tag[ route_check ] --END-- [ RunTime:0.003710s ]
[ 2012-12-07T00:46:41+08:00 ] /ddsfilm/index.php/Index/ | INFO: Tag[ app_begin ] --START--
[ 2012-12-07T00:46:41+08:00 ] /ddsfilm/index.php/Index/ | INFO: Run ReadHtmlCache Behavior [ RunTime:0.002192s ]
[ 2012-12-07T00:46:41+08:00 ] /ddsfilm/index.php/Index/ | INFO: Run CheckLang Behavior [ RunTime:0.003015s ]
[ 2012-12-07T00:46:41+08:00 ] /ddsfilm/index.php/Index/ | INFO: Tag[ app_begin ] --END-- [ RunTime:0.005622s ]
[ 2012-12-07T00:46:41+08:00 ] /ddsfilm/index.php/Index/ | SQL: SHOW COLUMNS FROM `dds_project` [ RunTime:0.016637s ]
[ 2012-12-07T00:46:41+08:00 ] /ddsfilm/index.php/Index/ | SQL: SELECT * FROM `dds_project`  [ RunTime:0.001413s ]
[ 2012-12-07T00:46:41+08:00 ] /ddsfilm/index.php/Index/ | SQL: SHOW COLUMNS FROM `dds_procates` [ RunTime:0.008726s ]
[ 2012-12-07T00:46:41+08:00 ] /ddsfilm/index.php/Index/ | SQL: SELECT * FROM `dds_procates`  [ RunTime:0.000557s ]
[ 2012-12-07T00:46:41+08:00 ] /ddsfilm/index.php/Index/ | INFO: Tag[ view_template ] --START--
[ 2012-12-07T00:46:41+08:00 ] /ddsfilm/index.php/Index/ | INFO: Run LocationTemplate Behavior [ RunTime:0.002730s ]
[ 2012-12-07T00:46:41+08:00 ] /ddsfilm/index.php/Index/ | INFO: Tag[ view_template ] --END-- [ RunTime:0.002942s ]
[ 2012-12-07T00:46:41+08:00 ] /ddsfilm/index.php/Index/ | INFO: Tag[ view_parse ] --START--
[ 2012-12-07T00:46:41+08:00 ] /ddsfilm/index.php/Index/ | INFO: Run ParseTemplate Behavior [ RunTime:0.037372s ]
[ 2012-12-07T00:46:41+08:00 ] /ddsfilm/index.php/Index/ | INFO: Tag[ view_parse ] --END-- [ RunTime:0.037612s ]
[ 2012-12-07T00:46:41+08:00 ] /ddsfilm/index.php/Index/ | INFO: Tag[ view_filter ] --START--
[ 2012-12-07T00:46:41+08:00 ] /ddsfilm/index.php/Index/ | INFO: Run ContentReplace Behavior [ RunTime:0.002769s ]
[ 2012-12-07T00:46:41+08:00 ] /ddsfilm/index.php/Index/ | INFO: Run TokenBuild Behavior [ RunTime:0.002098s ]
[ 2012-12-07T00:46:41+08:00 ] /ddsfilm/index.php/Index/ | INFO: Run WriteHtmlCache Behavior [ RunTime:0.001186s ]
[ 2012-12-07T00:46:41+08:00 ] /ddsfilm/index.php/Index/ | INFO: Run ShowRuntime Behavior [ RunTime:0.001848s ]
[ 2012-12-07T00:46:41+08:00 ] /ddsfilm/index.php/Index/ | INFO: Tag[ view_filter ] --END-- [ RunTime:0.008506s ]
[ 2012-12-07T00:46:41+08:00 ] /ddsfilm/index.php/Index/ | INFO: Tag[ view_end ] --START--
[ 2012-12-07T00:46:41+08:00 ] /ddsfilm/index.php/Index/ | INFO: Run ShowPageTrace Behavior [ RunTime:0.001619s ]
[ 2012-12-07T00:46:41+08:00 ] /ddsfilm/index.php/Index/ | INFO: Tag[ view_end ] --END-- [ RunTime:0.001821s ]
[ 2012-12-07T00:46:42+08:00 ] /ddsfilm/index.php/Index/Uploads/img/20121206/50c0b855f29a6.jpg | ERR: (ThinkException) 非法操作Uploads
[ 2012-12-07T00:46:42+08:00 ] /ddsfilm/index.php/Index/Uploads/img/20121207/50c0cbee81e3b.jpg | ERR: (ThinkException) 非法操作Uploads
[ 2012-12-07T00:46:42+08:00 ] /ddsfilm/index.php/Index/Uploads/img/20121206/50c07340a992f.jpg | ERR: (ThinkException) 非法操作Uploads
[ 2012-12-07T00:46:42+08:00 ] /ddsfilm/index.php/Index/Uploads/img/20121206/50c0b8d8d352d.jpg | ERR: (ThinkException) 非法操作Uploads
[ 2012-12-07T00:46:42+08:00 ] /ddsfilm/index.php/Index/Uploads/img/20121206/50c0b8ad5791b.jpg | ERR: (ThinkException) 非法操作Uploads
[ 2012-12-07T00:46:42+08:00 ] /ddsfilm/index.php/Index/Uploads/img/20121206/50c0b8b868b32.jpg | ERR: (ThinkException) 非法操作Uploads
[ 2012-12-07T00:48:01+08:00 ] /ddsfilm/index.php/ | INFO: Tag[ route_check ] --START--
[ 2012-12-07T00:48:01+08:00 ] /ddsfilm/index.php/ | INFO: Run CheckRoute Behavior [ RunTime:0.004098s ]
[ 2012-12-07T00:48:01+08:00 ] /ddsfilm/index.php/ | INFO: Tag[ route_check ] --END-- [ RunTime:0.004451s ]
[ 2012-12-07T00:48:01+08:00 ] /ddsfilm/index.php/ | INFO: Tag[ app_begin ] --START--
[ 2012-12-07T00:48:01+08:00 ] /ddsfilm/index.php/ | INFO: Run ReadHtmlCache Behavior [ RunTime:0.003168s ]
[ 2012-12-07T00:48:01+08:00 ] /ddsfilm/index.php/ | INFO: Run CheckLang Behavior [ RunTime:0.004368s ]
[ 2012-12-07T00:48:01+08:00 ] /ddsfilm/index.php/ | INFO: Tag[ app_begin ] --END-- [ RunTime:0.008016s ]
[ 2012-12-07T00:48:01+08:00 ] /ddsfilm/index.php/ | SQL: SHOW COLUMNS FROM `dds_project` [ RunTime:0.016392s ]
[ 2012-12-07T00:48:01+08:00 ] /ddsfilm/index.php/ | SQL: SELECT * FROM `dds_project`  [ RunTime:0.001862s ]
[ 2012-12-07T00:48:01+08:00 ] /ddsfilm/index.php/ | SQL: SHOW COLUMNS FROM `dds_procates` [ RunTime:0.015772s ]
[ 2012-12-07T00:48:01+08:00 ] /ddsfilm/index.php/ | SQL: SELECT * FROM `dds_procates`  [ RunTime:0.001052s ]
[ 2012-12-07T00:48:01+08:00 ] /ddsfilm/index.php/ | INFO: Tag[ view_template ] --START--
[ 2012-12-07T00:48:01+08:00 ] /ddsfilm/index.php/ | INFO: Run LocationTemplate Behavior [ RunTime:0.004143s ]
[ 2012-12-07T00:48:01+08:00 ] /ddsfilm/index.php/ | INFO: Tag[ view_template ] --END-- [ RunTime:0.004431s ]
[ 2012-12-07T00:48:01+08:00 ] /ddsfilm/index.php/ | INFO: Tag[ view_parse ] --START--
[ 2012-12-07T00:48:01+08:00 ] /ddsfilm/index.php/ | INFO: Run ParseTemplate Behavior [ RunTime:0.057811s ]
[ 2012-12-07T00:48:01+08:00 ] /ddsfilm/index.php/ | INFO: Tag[ view_parse ] --END-- [ RunTime:0.058234s ]
[ 2012-12-07T00:48:01+08:00 ] /ddsfilm/index.php/ | INFO: Tag[ view_filter ] --START--
[ 2012-12-07T00:48:01+08:00 ] /ddsfilm/index.php/ | INFO: Run ContentReplace Behavior [ RunTime:0.003936s ]
[ 2012-12-07T00:48:01+08:00 ] /ddsfilm/index.php/ | INFO: Run TokenBuild Behavior [ RunTime:0.002989s ]
[ 2012-12-07T00:48:01+08:00 ] /ddsfilm/index.php/ | INFO: Run WriteHtmlCache Behavior [ RunTime:0.014509s ]
[ 2012-12-07T00:48:01+08:00 ] /ddsfilm/index.php/ | INFO: Run ShowRuntime Behavior [ RunTime:0.007590s ]
[ 2012-12-07T00:48:01+08:00 ] /ddsfilm/index.php/ | INFO: Tag[ view_filter ] --END-- [ RunTime:0.030135s ]
[ 2012-12-07T00:48:01+08:00 ] /ddsfilm/index.php/ | INFO: Tag[ view_end ] --START--
[ 2012-12-07T00:48:01+08:00 ] /ddsfilm/index.php/ | INFO: Run ShowPageTrace Behavior [ RunTime:0.003728s ]
[ 2012-12-07T00:48:01+08:00 ] /ddsfilm/index.php/ | INFO: Tag[ view_end ] --END-- [ RunTime:0.004224s ]
[ 2012-12-07T00:48:02+08:00 ] /ddsfilm/index.php/Uploads/img/20121206/50c0b8d8d352d.jpg | ERR: (ThinkException) 无法加载模块Uploads
[ 2012-12-07T00:48:02+08:00 ] /ddsfilm/index.php/Uploads/img/20121206/50c0b855f29a6.jpg | ERR: (ThinkException) 无法加载模块Uploads
[ 2012-12-07T00:48:02+08:00 ] /ddsfilm/index.php/Uploads/img/20121206/50c07340a992f.jpg | ERR: (ThinkException) 无法加载模块Uploads
[ 2012-12-07T00:48:02+08:00 ] /ddsfilm/index.php/Uploads/img/20121207/50c0cbee81e3b.jpg | ERR: (ThinkException) 无法加载模块Uploads
[ 2012-12-07T00:48:02+08:00 ] /ddsfilm/index.php/Uploads/img/20121206/50c0b8b868b32.jpg | ERR: (ThinkException) 无法加载模块Uploads
[ 2012-12-07T00:48:02+08:00 ] /ddsfilm/index.php/Uploads/img/20121206/50c0b8ad5791b.jpg | ERR: (ThinkException) 无法加载模块Uploads
[ 2012-12-07T00:48:05+08:00 ] /ddsfilm/index.php/Index/video | INFO: Tag[ route_check ] --START--
[ 2012-12-07T00:48:05+08:00 ] /ddsfilm/index.php/Index/video | INFO: Run CheckRoute Behavior [ RunTime:0.005921s ]
[ 2012-12-07T00:48:05+08:00 ] /ddsfilm/index.php/Index/video | INFO: Tag[ route_check ] --END-- [ RunTime:0.006377s ]
[ 2012-12-07T00:48:05+08:00 ] /ddsfilm/index.php/Index/video | INFO: Tag[ app_begin ] --START--
[ 2012-12-07T00:48:05+08:00 ] /ddsfilm/index.php/Index/video | INFO: Run ReadHtmlCache Behavior [ RunTime:0.003199s ]
[ 2012-12-07T00:48:05+08:00 ] /ddsfilm/index.php/Index/video | INFO: Run CheckLang Behavior [ RunTime:0.004995s ]
[ 2012-12-07T00:48:05+08:00 ] /ddsfilm/index.php/Index/video | INFO: Tag[ app_begin ] --END-- [ RunTime:0.008797s ]
[ 2012-12-07T00:48:05+08:00 ] /ddsfilm/index.php/Index/video | SQL: SHOW COLUMNS FROM `dds_project` [ RunTime:0.015755s ]
[ 2012-12-07T00:48:05+08:00 ] /ddsfilm/index.php/Index/video | SQL: SELECT * FROM `dds_project` WHERE ( `id` = '1' ) LIMIT 1   [ RunTime:0.001087s ]
[ 2012-12-07T00:48:10+08:00 ] /ddsfilm/index.php/Index/id/1 | ERR: (ThinkException) 非法操作id
